#
# A fatal error has been detected by the Java Runtime Environment:
#
#  EXCEPTION_ACCESS_VIOLATION (0xc0000005) at pc=0x00007ffdbb3ec4a9, pid=7928, tid=20348
#
# JRE version: OpenJDK Runtime Environment (17.0+35) (build 17+35-2724)
# Java VM: OpenJDK 64-Bit Server VM (17+35-2724, mixed mode, sharing, tiered, compressed oops, compressed class ptrs, g1 gc, windows-amd64)
# Problematic frame:
# C  [lwjgl_opengl.dll+0xc4a9]
#
# No core dump will be written. Minidumps are not enabled by default on client versions of Windows
#
# If you would like to submit a bug report, please visit:
#   https://bugreport.java.com/bugreport/crash.jsp
# The crash happened outside the Java Virtual Machine in native code.
# See problematic frame for where to report the bug.
#

---------------  S U M M A R Y ------------

Command Line: -Dfile.encoding=UTF-8 -Duser.country=GB -Duser.language=en -Duser.variant org.fallenreaper.main.GameLauncher

Host: AMD Ryzen 3 3200U with Radeon Vega Mobile Gfx  , 4 cores, 5G,  Windows 10 , 64 bit Build 22621 (10.0.22621.1105)
Time: Thu Feb  9 22:50:09 2023 GMT Standard Time elapsed time: 1.502449 seconds (0d 0h 0m 1s)

---------------  T H R E A D  ---------------

Current thread (0x000001ec72280a00):  JavaThread "Render thread" [_thread_in_native, id=20348, stack(0x0000008f97200000,0x0000008f97300000)]

Stack: [0x0000008f97200000,0x0000008f97300000],  sp=0x0000008f972fefa8,  free space=1019k
Native frames: (J=compiled Java code, j=interpreted, Vv=VM code, C=native code)
C  [lwjgl_opengl.dll+0xc4a9]

Java frames: (J=compiled Java code, j=interpreted, Vv=VM code)
j  org.lwjgl.opengl.GL11C.glClearColor(FFFF)V+0
j  org.lwjgl.opengl.GL11.glClearColor(FFFF)V+4
j  org.fallenreaper.nebula2d.renderer_manager.Window.loop()V+25
j  org.fallenreaper.nebula2d.renderer_manager.Window.run()V+19
j  org.fallenreaper.core.server.Exolor.<init>()V+143
j  org.fallenreaper.main.GameLauncher.main([Ljava/lang/String;)V+24
v  ~StubRoutines::call_stub

siginfo: EXCEPTION_ACCESS_VIOLATION (0xc0000005), reading address 0x0000000000000070


Register to memory mapping:

RIP=0x00007ffdbb3ec4a9 lwjgl_opengl.dll
RAX=0x000001ec12206c10 points into unknown readable memory: 0x0000000000000000 | 00 00 00 00 00 00 00 00
RBX={method} {0x000001ec1154a330} 'glClearColor' '(FFFF)V' in 'org/lwjgl/opengl/GL11C'
RCX=0x0 is NULL
RDX=0x0000008f972ff050 is pointing into the stack for thread: 0x000001ec72280a00
RSP=0x0000008f972fefa8 is pointing into the stack for thread: 0x000001ec72280a00
RBP=0x0000008f972ff040 is pointing into the stack for thread: 0x000001ec72280a00
RSI=0x0 is NULL
RDI=0x000001ec000094fe is at code_begin+1118 in an Interpreter codelet
return entry points  [0x000001ec000090a0, 0x000001ec00009ba0]  2816 bytes
R8 =0x0000000000000002 is an unknown value
R9 =0x0000000000000002 is an unknown value
R10=0x000001ec0000d5f2 is at code_begin+946 in an Interpreter codelet
method entry point (kind = native)  [0x000001ec0000d240, 0x000001ec0000dbc0]  2432 bytes
R11=0x00000000a733cad8 is an oop: java.lang.Class 
{0x00000000a733cad8} - klass: 'java/lang/Class'
 - ---- fields (total size 116 words):
 - private volatile transient 'classRedefinedCount' 'I' @12  0
 - private volatile transient 'cachedConstructor' 'Ljava/lang/reflect/Constructor;' @40  NULL (0)
 - private transient 'name' 'Ljava/lang/String;' @44  "org.lwjgl.opengl.GL11C"{0x00000000a733ce88} (a733ce88)
 - private transient 'module' 'Ljava/lang/Module;' @48  a 'java/lang/Module'{0x00000000a7dc2da0} (a7dc2da0)
 - private final 'classLoader' 'Ljava/lang/ClassLoader;' @52  a 'jdk/internal/loader/ClassLoaders$AppClassLoader'{0x00000000a7dc2be0} (a7dc2be0)
 - private transient 'classData' 'Ljava/lang/Object;' @56  NULL (0)
 - private transient 'packageName' 'Ljava/lang/String;' @60  "org.lwjgl.opengl"{0x00000000a747ebf8} (a747ebf8)
 - private final 'componentType' 'Ljava/lang/Class;' @64  NULL (0)
 - private volatile transient 'reflectionData' 'Ljava/lang/ref/SoftReference;' @68  NULL (0)
 - private volatile transient 'genericInfo' 'Lsun/reflect/generics/repository/ClassRepository;' @72  NULL (0)
 - private volatile transient 'enumConstants' '[Ljava/lang/Object;' @76  NULL (0)
 - private volatile transient 'enumConstantDirectory' 'Ljava/util/Map;' @80  NULL (0)
 - private volatile transient 'annotationData' 'Ljava/lang/Class$AnnotationData;' @84  NULL (0)
 - private volatile transient 'annotationType' 'Lsun/reflect/annotation/AnnotationType;' @88  NULL (0)
 - transient 'classValueMap' 'Ljava/lang/ClassValue$ClassValueMap;' @92  NULL (0)
 - signature: Lorg/lwjgl/opengl/GL11C;
 - fake entry for mirror: 'org/lwjgl/opengl/GL11C'
 - fake entry for array: NULL
 - fake entry for oop_size: 116
 - fake entry for static_oop_field_count: 0
 - public static final 'GL_NEVER' 'I' @112  512 (200)
 - public static final 'GL_LESS' 'I' @116  513 (201)
 - public static final 'GL_EQUAL' 'I' @120  514 (202)
 - public static final 'GL_LEQUAL' 'I' @124  515 (203)
 - public static final 'GL_GREATER' 'I' @128  516 (204)
 - public static final 'GL_NOTEQUAL' 'I' @132  517 (205)
 - public static final 'GL_GEQUAL' 'I' @136  518 (206)
 - public static final 'GL_ALWAYS' 'I' @140  519 (207)
 - public static final 'GL_DEPTH_BUFFER_BIT' 'I' @144  256 (100)
 - public static final 'GL_STENCIL_BUFFER_BIT' 'I' @148  1024 (400)
 - public static final 'GL_COLOR_BUFFER_BIT' 'I' @152  16384 (4000)
 - public static final 'GL_POINTS' 'I' @156  0
 - public static final 'GL_LINES' 'I' @160  1
 - public static final 'GL_LINE_LOOP' 'I' @164  2
 - public static final 'GL_LINE_STRIP' 'I' @168  3
 - public static final 'GL_TRIANGLES' 'I' @172  4
 - public static final 'GL_TRIANGLE_STRIP' 'I' @176  5
 - public static final 'GL_TRIANGLE_FAN' 'I' @180  6
 - public static final 'GL_QUADS' 'I' @184  7
 - public static final 'GL_ZERO' 'I' @188  0
 - public static final 'GL_ONE' 'I' @192  1
 - public static final 'GL_SRC_COLOR' 'I' @196  768 (300)
 - public static final 'GL_ONE_MINUS_SRC_COLOR' 'I' @200  769 (301)
 - public static final 'GL_SRC_ALPHA' 'I' @204  770 (302)
 - public static final 'GL_ONE_MINUS_SRC_ALPHA' 'I' @208  771 (303)
 - public static final 'GL_DST_ALPHA' 'I' @212  772 (304)
 - public static final 'GL_ONE_MINUS_DST_ALPHA' 'I' @216  773 (305)
 - public static final 'GL_DST_COLOR' 'I' @220  774 (306)
 - public static final 'GL_ONE_MINUS_DST_COLOR' 'I' @224  775 (307)
 - public static final 'GL_SRC_ALPHA_SATURATE' 'I' @228  776 (308)
 - public static final 'GL_TRUE' 'I' @232  1
 - public static final 'GL_FALSE' 'I' @236  0
 - public static final 'GL_BYTE' 'I' @240  5120 (1400)
 - public static final 'GL_UNSIGNED_BYTE' 'I' @244  5121 (1401)
 - public static final 'GL_SHORT' 'I' @248  5122 (1402)
 - public static final 'GL_UNSIGNED_SHORT' 'I' @252  5123 (1403)
 - public static final 'GL_INT' 'I' @256  5124 (1404)
 - public static final 'GL_UNSIGNED_INT' 'I' @260  5125 (1405)
 - public static final 'GL_FLOAT' 'I' @264  5126 (1406)
 - public static final 'GL_DOUBLE' 'I' @268  5130 (140a)
 - public static final 'GL_NONE' 'I' @272  0
 - public static final 'GL_FRONT_LEFT' 'I' @276  1024 (400)
 - public static final 'GL_FRONT_RIGHT' 'I' @280  1025 (401)
 - public static final 'GL_BACK_LEFT' 'I' @284  1026 (402)
 - public static final 'GL_BACK_RIGHT' 'I' @288  1027 (403)
 - public static final 'GL_FRONT' 'I' @292  1028 (404)
 - public static final 'GL_BACK' 'I' @296  1029 (405)
 - public static final 'GL_LEFT' 'I' @300  1030 (406)
 - public static final 'GL_RIGHT' 'I' @304  1031 (407)
 - public static final 'GL_FRONT_AND_BACK' 'I' @308  1032 (408)
 - public static final 'GL_NO_ERROR' 'I' @312  0
 - public static final 'GL_INVALID_ENUM' 'I' @316  1280 (500)
 - public static final 'GL_INVALID_VALUE' 'I' @320  1281 (501)
 - public static final 'GL_INVALID_OPERATION' 'I' @324  1282 (502)
 - public static final 'GL_STACK_OVERFLOW' 'I' @328  1283 (503)
 - public static final 'GL_STACK_UNDERFLOW' 'I' @332  1284 (504)
 - public static final 'GL_OUT_OF_MEMORY' 'I' @336  1285 (505)
 - public static final 'GL_CW' 'I' @340  2304 (900)
 - public static final 'GL_CCW' 'I' @344  2305 (901)
 - public static final 'GL_POINT_SIZE' 'I' @348  2833 (b11)
 - public static final 'GL_POINT_SIZE_RANGE' 'I' @352  2834 (b12)
 - public static final 'GL_POINT_SIZE_GRANULARITY' 'I' @356  2835 (b13)
 - public static final 'GL_LINE_SMOOTH' 'I' @360  2848 (b20)
 - public static final 'GL_LINE_WIDTH' 'I' @364  2849 (b21)
 - public static final 'GL_LINE_WIDTH_RANGE' 'I' @368  2850 (b22)
 - public static final 'GL_LINE_WIDTH_GRANULARITY' 'I' @372  2851 (b23)
 - public static final 'GL_POLYGON_MODE' 'I' @376  2880 (b40)
 - public static final 'GL_POLYGON_SMOOTH' 'I' @380  2881 (b41)
 - public static final 'GL_CULL_FACE' 'I' @384  2884 (b44)
 - public static final 'GL_CULL_FACE_MODE' 'I' @388  2885 (b45)
 - public static final 'GL_FRONT_FACE' 'I' @392  2886 (b46)
 - public static final 'GL_DEPTH_RANGE' 'I' @396  2928 (b70)
 - public static final 'GL_DEPTH_TEST' 'I' @400  2929 (b71)
 - public static final 'GL_DEPTH_WRITEMASK' 'I' @404  2930 (b72)
 - public static final 'GL_DEPTH_CLEAR_VALUE' 'I' @408  2931 (b73)
 - public static final 'GL_DEPTH_FUNC' 'I' @412  2932 (b74)
 - public static final 'GL_STENCIL_TEST' 'I' @416  2960 (b90)
 - public static final 'GL_STENCIL_CLEAR_VALUE' 'I' @420  2961 (b91)
 - public static final 'GL_STENCIL_FUNC' 'I' @424  2962 (b92)
 - public static final 'GL_STENCIL_VALUE_MASK' 'I' @428  2963 (b93)
 - public static final 'GL_STENCIL_FAIL' 'I' @432  2964 (b94)
 - public static final 'GL_STENCIL_PASS_DEPTH_FAIL' 'I' @436  2965 (b95)
 - public static final 'GL_STENCIL_PASS_DEPTH_PASS' 'I' @440  2966 (b96)
 - public static final 'GL_STENCIL_REF' 'I' @444  2967 (b97)
 - public static final 'GL_STENCIL_WRITEMASK' 'I' @448  2968 (b98)
 - public static final 'GL_VIEWPORT' 'I' @452  2978 (ba2)
 - public static final 'GL_DITHER' 'I' @456  3024 (bd0)
 - public static final 'GL_BLEND_DST' 'I' @460  3040 (be0)
 - public static final 'GL_BLEND_SRC' 'I' @464  3041 (be1)
 - public static final 'GL_BLEND' 'I' @468  3042 (be2)
 - public static final 'GL_LOGIC_OP_MODE' 'I' @472  3056 (bf0)
 - public static final 'GL_COLOR_LOGIC_OP' 'I' @476  3058 (bf2)
 - public static final 'GL_DRAW_BUFFER' 'I' @480  3073 (c01)
 - public static final 'GL_READ_BUFFER' 'I' @484  3074 (c02)
 - public static final 'GL_SCISSOR_BOX' 'I' @488  3088 (c10)
 - public static final 'GL_SCISSOR_TEST' 'I' @492  3089 (c11)
 - public static final 'GL_COLOR_CLEAR_VALUE' 'I' @496  3106 (c22)
 - public static final 'GL_COLOR_WRITEMASK' 'I' @500  3107 (c23)
 - public static final 'GL_DOUBLEBUFFER' 'I' @504  3122 (c32)
 - public static final 'GL_STEREO' 'I' @508  3123 (c33)
 - public static final 'GL_LINE_SMOOTH_HINT' 'I' @512  3154 (c52)
 - public static final 'GL_POLYGON_SMOOTH_HINT' 'I' @516  3155 (c53)
 - public static final 'GL_UNPACK_SWAP_BYTES' 'I' @520  3312 (cf0)
 - public static final 'GL_UNPACK_LSB_FIRST' 'I' @524  3313 (cf1)
 - public static final 'GL_UNPACK_ROW_LENGTH' 'I' @528  3314 (cf2)
 - public static final 'GL_UNPACK_SKIP_ROWS' 'I' @532  3315 (cf3)
 - public static final 'GL_UNPACK_SKIP_PIXELS' 'I' @536  3316 (cf4)
 - public static final 'GL_UNPACK_ALIGNMENT' 'I' @540  3317 (cf5)
 - public static final 'GL_PACK_SWAP_BYTES' 'I' @544  3328 (d00)
 - public static final 'GL_PACK_LSB_FIRST' 'I' @548  3329 (d01)
 - public static final 'GL_PACK_ROW_LENGTH' 'I' @552  3330 (d02)
 - public static final 'GL_PACK_SKIP_ROWS' 'I' @556  3331 (d03)
 - public static final 'GL_PACK_SKIP_PIXELS' 'I' @560  3332 (d04)
 - public static final 'GL_PACK_ALIGNMENT' 'I' @564  3333 (d05)
 - public static final 'GL_MAX_TEXTURE_SIZE' 'I' @568  3379 (d33)
 - public static final 'GL_MAX_VIEWPORT_DIMS' 'I' @572  3386 (d3a)
 - public static final 'GL_SUBPIXEL_BITS' 'I' @576  3408 (d50)
 - public static final 'GL_TEXTURE_1D' 'I' @580  3552 (de0)
 - public static final 'GL_TEXTURE_2D' 'I' @584  3553 (de1)
 - public static final 'GL_TEXTURE_WIDTH' 'I' @588  4096 (1000)
 - public static final 'GL_TEXTURE_HEIGHT' 'I' @592  4097 (1001)
 - public static final 'GL_TEXTURE_INTERNAL_FORMAT' 'I' @596  4099 (1003)
 - public static final 'GL_TEXTURE_BORDER_COLOR' 'I' @600  4100 (1004)
 - public static final 'GL_DONT_CARE' 'I' @604  4352 (1100)
 - public static final 'GL_FASTEST' 'I' @608  4353 (1101)
 - public static final 'GL_NICEST' 'I' @612  4354 (1102)
 - public static final 'GL_CLEAR' 'I' @616  5376 (1500)
 - public static final 'GL_AND' 'I' @620  5377 (1501)
 - public static final 'GL_AND_REVERSE' 'I' @624  5378 (1502)
 - public static final 'GL_COPY' 'I' @628  5379 (1503)
 - public static final 'GL_AND_INVERTED' 'I' @632  5380 (1504)
 - public static final 'GL_NOOP' 'I' @636  5381 (1505)
 - public static final 'GL_XOR' 'I' @640  5382 (1506)
 - public static final 'GL_OR' 'I' @644  5383 (1507)
 - public static final 'GL_NOR' 'I' @648  5384 (1508)
 - public static final 'GL_EQUIV' 'I' @652  5385 (1509)
 - public static final 'GL_INVERT' 'I' @656  5386 (150a)
 - public static final 'GL_OR_REVERSE' 'I' @660  5387 (150b)
 - public static final 'GL_COPY_INVERTED' 'I' @664  5388 (150c)
 - public static final 'GL_OR_INVERTED' 'I' @668  5389 (150d)
 - public static final 'GL_NAND' 'I' @672  5390 (150e)
 - public static final 'GL_SET' 'I' @676  5391 (150f)
 - public static final 'GL_TEXTURE' 'I' @680  5890 (1702)
 - public static final 'GL_COLOR' 'I' @684  6144 (1800)
 - public static final 'GL_DEPTH' 'I' @688  6145 (1801)
 - public static final 'GL_STENCIL' 'I' @692  6146 (1802)
 - public static final 'GL_STENCIL_INDEX' 'I' @696  6401 (1901)
 - public static final 'GL_DEPTH_COMPONENT' 'I' @700  6402 (1902)
 - public static final 'GL_RED' 'I' @704  6403 (1903)
 - public static final 'GL_GREEN' 'I' @708  6404 (1904)
 - public static final 'GL_BLUE' 'I' @712  6405 (1905)
 - public static final 'GL_ALPHA' 'I' @716  6406 (1906)
 - public static final 'GL_RGB' 'I' @720  6407 (1907)
 - public static final 'GL_RGBA' 'I' @724  6408 (1908)
 - public static final 'GL_POINT' 'I' @728  6912 (1b00)
 - public static final 'GL_LINE' 'I' @732  6913 (1b01)
 - public static final 'GL_FILL' 'I' @736  6914 (1b02)
 - public static final 'GL_KEEP' 'I' @740  7680 (1e00)
 - public static final 'GL_REPLACE' 'I' @744  7681 (1e01)
 - public static final 'GL_INCR' 'I' @748  7682 (1e02)
 - public static final 'GL_DECR' 'I' @752  7683 (1e03)
 - public static final 'GL_VENDOR' 'I' @756  7936 (1f00)
 - public static final 'GL_RENDERER' 'I' @760  7937 (1f01)
 - public static final 'GL_VERSION' 'I' @764  7938 (1f02)
 - public static final 'GL_EXTENSIONS' 'I' @768  7939 (1f03)
 - public static final 'GL_NEAREST' 'I' @772  9728 (2600)
 - public static final 'GL_LINEAR' 'I' @776  9729 (2601)
 - public static final 'GL_NEAREST_MIPMAP_NEAREST' 'I' @780  9984 (2700)
 - public static final 'GL_LINEAR_MIPMAP_NEAREST' 'I' @784  9985 (2701)
 - public static final 'GL_NEAREST_MIPMAP_LINEAR' 'I' @788  9986 (2702)
 - public static final 'GL_LINEAR_MIPMAP_LINEAR' 'I' @792  9987 (2703)
 - public static final 'GL_TEXTURE_MAG_FILTER' 'I' @796  10240 (2800)
 - public static final 'GL_TEXTURE_MIN_FILTER' 'I' @800  10241 (2801)
 - public static final 'GL_TEXTURE_WRAP_S' 'I' @804  10242 (2802)
 - public static final 'GL_TEXTURE_WRAP_T' 'I' @808  10243 (2803)
 - public static final 'GL_REPEAT' 'I' @812  10497 (2901)
 - public static final 'GL_POLYGON_OFFSET_FACTOR' 'I' @816  32824 (8038)
 - public static final 'GL_POLYGON_OFFSET_UNITS' 'I' @820  10752 (2a00)
 - public static final 'GL_POLYGON_OFFSET_POINT' 'I' @824  10753 (2a01)
 - public static final 'GL_POLYGON_OFFSET_LINE' 'I' @828  10754 (2a02)
 - public static final 'GL_POLYGON_OFFSET_FILL' 'I' @832  32823 (8037)
 - public static final 'GL_R3_G3_B2' 'I' @836  10768 (2a10)
 - public static final 'GL_RGB4' 'I' @840  32847 (804f)
 - public static final 'GL_RGB5' 'I' @844  32848 (8050)
 - public static final 'GL_RGB8' 'I' @848  32849 (8051)
 - public static final 'GL_RGB10' 'I' @852  32850 (8052)
 - public static final 'GL_RGB12' 'I' @856  32851 (8053)
 - public static final 'GL_RGB16' 'I' @860  32852 (8054)
 - public static final 'GL_RGBA2' 'I' @864  32853 (8055)
 - public static final 'GL_RGBA4' 'I' @868  32854 (8056)
 - public static final 'GL_RGB5_A1' 'I' @872  32855 (8057)
 - public static final 'GL_RGBA8' 'I' @876  32856 (8058)
 - public static final 'GL_RGB10_A2' 'I' @880  32857 (8059)
 - public static final 'GL_RGBA12' 'I' @884  32858 (805a)
 - public static final 'GL_RGBA16' 'I' @888  32859 (805b)
 - public static final 'GL_TEXTURE_RED_SIZE' 'I' @892  32860 (805c)
 - public static final 'GL_TEXTURE_GREEN_SIZE' 'I' @896  32861 (805d)
 - public static final 'GL_TEXTURE_BLUE_SIZE' 'I' @900  32862 (805e)
 - public static final 'GL_TEXTURE_ALPHA_SIZE' 'I' @904  32863 (805f)
 - public static final 'GL_PROXY_TEXTURE_1D' 'I' @908  32867 (8063)
 - public static final 'GL_PROXY_TEXTURE_2D' 'I' @912  32868 (8064)
 - public static final 'GL_TEXTURE_BINDING_1D' 'I' @916  32872 (8068)
 - public static final 'GL_TEXTURE_BINDING_2D' 'I' @920  32873 (8069)
 - public static final 'GL_VERTEX_ARRAY' 'I' @924  32884 (8074)
R12=0x0 is NULL
R13=0x000001ec1154a320 is pointing into metadata
R14=0x0000008f972ff078 is pointing into the stack for thread: 0x000001ec72280a00
R15=0x000001ec72280a00 is a thread


Registers:
RAX=0x000001ec12206c10, RBX=0x000001ec1154a328, RCX=0x0000000000000000, RDX=0x0000008f972ff050
RSP=0x0000008f972fefa8, RBP=0x0000008f972ff040, RSI=0x0000000000000000, RDI=0x000001ec000094fe
R8 =0x0000000000000002, R9 =0x0000000000000002, R10=0x000001ec0000d5f2, R11=0x00000000a733cad8
R12=0x0000000000000000, R13=0x000001ec1154a320, R14=0x0000008f972ff078, R15=0x000001ec72280a00
RIP=0x00007ffdbb3ec4a9, EFLAGS=0x0000000000010206

Top of Stack: (sp=0x0000008f972fefa8)
0x0000008f972fefa8:   000001ec0000d621 000001ec1154a328
0x0000008f972fefb8:   0000008f972fefb8 000001ec000094fe
0x0000008f972fefc8:   000001ec0000d352 000001ec3f800000
0x0000008f972fefd8:   000000003f800000 0000000000000000
0x0000008f972fefe8:   000001ec114bd8a8 000001ec0000d2f6
0x0000008f972feff8:   0000008f972feff8 000001ec1154a320
0x0000008f972ff008:   0000008f972ff078 000001ec11558000
0x0000008f972ff018:   0000000000000000 00000000a733cad8
0x0000008f972ff028:   000001ec1154a328 0000000000000000
0x0000008f972ff038:   0000008f972ff060 0000008f972ff0c8
0x0000008f972ff048:   000001ec000094fe 00000000a733cad8
0x0000008f972ff058:   000001ec0000af78 000001ec3f800000
0x0000008f972ff068:   000000003f800000 0000008f3f800000
0x0000008f972ff078:   000001ec3f800000 0000008f972ff080
0x0000008f972ff088:   000001ec1151441c 0000008f972ff0f0
0x0000008f972ff098:   000001ec11540000 0000000000000000 

Instructions: (pc=0x00007ffdbb3ec4a9)
0x00007ffdbb3ec3a9:   cc cc cc cc cc cc cc 48 8b 01 49 8b c8 48 8b 50
0x00007ffdbb3ec3b9:   18 48 ff a2 60 0a 00 00 cc cc cc cc cc cc cc cc
0x00007ffdbb3ec3c9:   cc cc cc cc cc cc cc 48 8b 01 49 8b c8 48 8b 50
0x00007ffdbb3ec3d9:   18 48 ff a2 68 0a 00 00 cc cc cc cc cc cc cc cc
0x00007ffdbb3ec3e9:   cc cc cc cc cc cc cc 40 53 48 8b 01 41 8b d8 44
0x00007ffdbb3ec3f9:   8b 44 24 30 41 8b d1 4c 8b 4c 24 38 8b cb 4c 8b
0x00007ffdbb3ec409:   50 18 5b 49 ff a2 70 0a 00 00 cc cc cc cc cc cc
0x00007ffdbb3ec419:   cc cc cc cc cc cc cc 48 8b 01 41 8b c8 48 8b 50
0x00007ffdbb3ec429:   18 48 ff 22 cc cc cc 48 8b 01 41 8b c8 48 8b 50
0x00007ffdbb3ec439:   18 48 ff 62 08 cc cc 48 8b 01 41 8b d1 41 8b c8
0x00007ffdbb3ec449:   4c 8b 50 18 49 ff 62 38 cc cc cc cc cc cc cc cc
0x00007ffdbb3ec459:   cc cc cc cc cc cc cc 48 8b 01 41 8b d1 41 8b c8
0x00007ffdbb3ec469:   4c 8b 50 18 49 ff 62 48 cc cc cc cc cc cc cc cc
0x00007ffdbb3ec479:   cc cc cc cc cc cc cc 48 8b 01 41 8b c8 48 8b 50
0x00007ffdbb3ec489:   18 48 ff 62 60 cc cc 48 8b 01 0f 28 cb f3 0f 10
0x00007ffdbb3ec499:   5c 24 30 0f 28 c2 f3 0f 10 54 24 28 48 8b 48 18
0x00007ffdbb3ec4a9:   48 ff 61 70 cc cc cc 48 8b 01 0f 28 c2 48 8b 48
0x00007ffdbb3ec4b9:   18 48 ff 61 78 cc cc 48 8b 01 41 8b c8 48 8b 50
0x00007ffdbb3ec4c9:   18 48 ff a2 88 00 00 00 cc cc cc cc cc cc cc cc
0x00007ffdbb3ec4d9:   cc cc cc cc cc cc cc 40 53 48 8b 01 41 0f b6 d8
0x00007ffdbb3ec4e9:   44 0f b6 44 24 30 41 0f b6 d1 44 0f b6 4c 24 38
0x00007ffdbb3ec4f9:   0f b6 cb 4c 8b 50 18 5b 49 ff a2 98 01 00 00 cc
0x00007ffdbb3ec509:   cc cc cc cc cc cc cc 48 8b 01 41 8b c8 48 8b 50
0x00007ffdbb3ec519:   18 48 ff a2 b8 01 00 00 cc cc cc cc cc cc cc cc
0x00007ffdbb3ec529:   cc cc cc cc cc cc cc 48 8b 01 41 8b c8 48 8b 50
0x00007ffdbb3ec539:   18 48 ff a2 c8 01 00 00 cc cc cc cc cc cc cc cc
0x00007ffdbb3ec549:   cc cc cc cc cc cc cc 48 8b 01 41 0f b6 c8 48 8b
0x00007ffdbb3ec559:   50 18 48 ff a2 d0 01 00 00 cc cc cc cc cc cc cc
0x00007ffdbb3ec569:   cc cc cc cc cc cc cc 48 8b 01 0f 28 cb 0f 28 c2
0x00007ffdbb3ec579:   48 8b 48 18 48 ff a1 d8 01 00 00 cc cc cc cc cc
0x00007ffdbb3ec589:   cc cc cc cc cc cc cc 48 8b 01 45 8b d8 44 8b 44
0x00007ffdbb3ec599:   24 28 41 8b d1 41 8b cb 4c 8b 50 18 49 ff a2 e8 


Stack slot to memory mapping:
stack at sp + 0 slots: 0x000001ec0000d621 is at code_begin+993 in an Interpreter codelet
method entry point (kind = native)  [0x000001ec0000d240, 0x000001ec0000dbc0]  2432 bytes
stack at sp + 1 slots: {method} {0x000001ec1154a330} 'glClearColor' '(FFFF)V' in 'org/lwjgl/opengl/GL11C'
stack at sp + 2 slots: 0x0000008f972fefb8 is pointing into the stack for thread: 0x000001ec72280a00
stack at sp + 3 slots: 0x000001ec000094fe is at code_begin+1118 in an Interpreter codelet
return entry points  [0x000001ec000090a0, 0x000001ec00009ba0]  2816 bytes
stack at sp + 4 slots: 0x000001ec0000d352 is at code_begin+274 in an Interpreter codelet
method entry point (kind = native)  [0x000001ec0000d240, 0x000001ec0000dbc0]  2432 bytes
stack at sp + 5 slots: 0x000001ec3f800000 is an unknown value
stack at sp + 6 slots: 0x000000003f800000 is an unknown value
stack at sp + 7 slots: 0x0 is NULL


---------------  P R O C E S S  ---------------

Threads class SMR info:
_java_thread_list=0x000001ec11eb59f0, length=12, elements={
0x000001ec72280a00, 0x000001ec7f670d70, 0x000001ec7f671920, 0x000001ec7f684720,
0x000001ec7f6870e0, 0x000001ec7f68a850, 0x000001ec7f6ac220, 0x000001ec7f6b2020,
0x000001ec7f6b3260, 0x000001ec7f6c5350, 0x000001ec119cdfe0, 0x000001ec119e9fb0
}

Java Threads: ( => current thread )
=>0x000001ec72280a00 JavaThread "Render thread" [_thread_in_native, id=20348, stack(0x0000008f97200000,0x0000008f97300000)]
  0x000001ec7f670d70 JavaThread "Reference Handler" daemon [_thread_blocked, id=84, stack(0x0000008f97900000,0x0000008f97a00000)]
  0x000001ec7f671920 JavaThread "Finalizer" daemon [_thread_blocked, id=16008, stack(0x0000008f97a00000,0x0000008f97b00000)]
  0x000001ec7f684720 JavaThread "Signal Dispatcher" daemon [_thread_blocked, id=15680, stack(0x0000008f97b00000,0x0000008f97c00000)]
  0x000001ec7f6870e0 JavaThread "Attach Listener" daemon [_thread_blocked, id=9728, stack(0x0000008f97c00000,0x0000008f97d00000)]
  0x000001ec7f68a850 JavaThread "Service Thread" daemon [_thread_blocked, id=13060, stack(0x0000008f97d00000,0x0000008f97e00000)]
  0x000001ec7f6ac220 JavaThread "Monitor Deflation Thread" daemon [_thread_blocked, id=18612, stack(0x0000008f97e00000,0x0000008f97f00000)]
  0x000001ec7f6b2020 JavaThread "C2 CompilerThread0" daemon [_thread_blocked, id=6440, stack(0x0000008f97f00000,0x0000008f98000000)]
  0x000001ec7f6b3260 JavaThread "C1 CompilerThread0" daemon [_thread_blocked, id=3304, stack(0x0000008f98000000,0x0000008f98100000)]
  0x000001ec7f6c5350 JavaThread "Sweeper thread" daemon [_thread_blocked, id=17680, stack(0x0000008f98100000,0x0000008f98200000)]
  0x000001ec119cdfe0 JavaThread "Notification Thread" daemon [_thread_blocked, id=6480, stack(0x0000008f98200000,0x0000008f98300000)]
  0x000001ec119e9fb0 JavaThread "Common-Cleaner" daemon [_thread_blocked, id=17716, stack(0x0000008f98400000,0x0000008f98500000)]

Other Threads:
  0x000001ec7f66cb40 VMThread "VM Thread" [stack: 0x0000008f97800000,0x0000008f97900000] [id=15836]
  0x000001ec119d00f0 WatcherThread [stack: 0x0000008f98300000,0x0000008f98400000] [id=19584]
  0x000001ec722b4c90 GCTaskThread "GC Thread#0" [stack: 0x0000008f97300000,0x0000008f97400000] [id=2312]
  0x000001ec722c1810 ConcurrentGCThread "G1 Main Marker" [stack: 0x0000008f97400000,0x0000008f97500000] [id=16344]
  0x000001ec722c3640 ConcurrentGCThread "G1 Conc#0" [stack: 0x0000008f97500000,0x0000008f97600000] [id=7428]
  0x000001ec72323a30 ConcurrentGCThread "G1 Refine#0" [stack: 0x0000008f97600000,0x0000008f97700000] [id=18024]
  0x000001ec72326470 ConcurrentGCThread "G1 Service" [stack: 0x0000008f97700000,0x0000008f97800000] [id=12612]

Threads with active compile tasks:

VM state: not at safepoint (normal execution)

VM Mutex/Monitor currently owned by a thread: None

Heap address: 0x00000000a1e00000, size: 1506 MB, Compressed Oops mode: 32-bit

CDS archive(s) mapped at: [0x0000000800000000-0x0000000800bc0000-0x0000000800bc0000), size 12320768, SharedBaseAddress: 0x0000000800000000, ArchiveRelocationMode: 0.
Compressed class space mapped at: 0x0000000800c00000-0x0000000840c00000, reserved size: 1073741824
Narrow klass base: 0x0000000800000000, Narrow klass shift: 0, Narrow klass range: 0x100000000

GC Precious Log:
 CPUs: 4 total, 4 available
 Memory: 6020M
 Large Page Support: Disabled
 NUMA Support: Disabled
 Compressed Oops: Enabled (32-bit)
 Heap Region Size: 1M
 Heap Min Capacity: 8M
 Heap Initial Capacity: 96M
 Heap Max Capacity: 1506M
 Pre-touch: Disabled
 Parallel Workers: 4
 Concurrent Workers: 1
 Concurrent Refinement Workers: 4
 Periodic GC: Disabled

Heap:
 garbage-first heap   total 98304K, used 9216K [0x00000000a1e00000, 0x0000000100000000)
  region size 1024K, 11 young (11264K), 0 survivors (0K)
 Metaspace       used 2726K, committed 2880K, reserved 1056768K
  class space    used 176K, committed 256K, reserved 1048576K

Heap Regions: E=young(eden), S=young(survivor), O=old, HS=humongous(starts), HC=humongous(continues), CS=collection set, F=free, OA=open archive, CA=closed archive, TAMS=top-at-mark-start (previous, next)
|   0|0x00000000a1e00000, 0x00000000a1e00000, 0x00000000a1f00000|  0%| F|  |TAMS 0x00000000a1e00000, 0x00000000a1e00000| Untracked 
|   1|0x00000000a1f00000, 0x00000000a1f00000, 0x00000000a2000000|  0%| F|  |TAMS 0x00000000a1f00000, 0x00000000a1f00000| Untracked 
|   2|0x00000000a2000000, 0x00000000a2000000, 0x00000000a2100000|  0%| F|  |TAMS 0x00000000a2000000, 0x00000000a2000000| Untracked 
|   3|0x00000000a2100000, 0x00000000a2100000, 0x00000000a2200000|  0%| F|  |TAMS 0x00000000a2100000, 0x00000000a2100000| Untracked 
|   4|0x00000000a2200000, 0x00000000a2200000, 0x00000000a2300000|  0%| F|  |TAMS 0x00000000a2200000, 0x00000000a2200000| Untracked 
|   5|0x00000000a2300000, 0x00000000a2300000, 0x00000000a2400000|  0%| F|  |TAMS 0x00000000a2300000, 0x00000000a2300000| Untracked 
|   6|0x00000000a2400000, 0x00000000a2400000, 0x00000000a2500000|  0%| F|  |TAMS 0x00000000a2400000, 0x00000000a2400000| Untracked 
|   7|0x00000000a2500000, 0x00000000a2500000, 0x00000000a2600000|  0%| F|  |TAMS 0x00000000a2500000, 0x00000000a2500000| Untracked 
|   8|0x00000000a2600000, 0x00000000a2600000, 0x00000000a2700000|  0%| F|  |TAMS 0x00000000a2600000, 0x00000000a2600000| Untracked 
|   9|0x00000000a2700000, 0x00000000a2700000, 0x00000000a2800000|  0%| F|  |TAMS 0x00000000a2700000, 0x00000000a2700000| Untracked 
|  10|0x00000000a2800000, 0x00000000a2800000, 0x00000000a2900000|  0%| F|  |TAMS 0x00000000a2800000, 0x00000000a2800000| Untracked 
|  11|0x00000000a2900000, 0x00000000a2900000, 0x00000000a2a00000|  0%| F|  |TAMS 0x00000000a2900000, 0x00000000a2900000| Untracked 
|  12|0x00000000a2a00000, 0x00000000a2a00000, 0x00000000a2b00000|  0%| F|  |TAMS 0x00000000a2a00000, 0x00000000a2a00000| Untracked 
|  13|0x00000000a2b00000, 0x00000000a2b00000, 0x00000000a2c00000|  0%| F|  |TAMS 0x00000000a2b00000, 0x00000000a2b00000| Untracked 
|  14|0x00000000a2c00000, 0x00000000a2c00000, 0x00000000a2d00000|  0%| F|  |TAMS 0x00000000a2c00000, 0x00000000a2c00000| Untracked 
|  15|0x00000000a2d00000, 0x00000000a2d00000, 0x00000000a2e00000|  0%| F|  |TAMS 0x00000000a2d00000, 0x00000000a2d00000| Untracked 
|  16|0x00000000a2e00000, 0x00000000a2e00000, 0x00000000a2f00000|  0%| F|  |TAMS 0x00000000a2e00000, 0x00000000a2e00000| Untracked 
|  17|0x00000000a2f00000, 0x00000000a2f00000, 0x00000000a3000000|  0%| F|  |TAMS 0x00000000a2f00000, 0x00000000a2f00000| Untracked 
|  18|0x00000000a3000000, 0x00000000a3000000, 0x00000000a3100000|  0%| F|  |TAMS 0x00000000a3000000, 0x00000000a3000000| Untracked 
|  19|0x00000000a3100000, 0x00000000a3100000, 0x00000000a3200000|  0%| F|  |TAMS 0x00000000a3100000, 0x00000000a3100000| Untracked 
|  20|0x00000000a3200000, 0x00000000a3200000, 0x00000000a3300000|  0%| F|  |TAMS 0x00000000a3200000, 0x00000000a3200000| Untracked 
|  21|0x00000000a3300000, 0x00000000a3300000, 0x00000000a3400000|  0%| F|  |TAMS 0x00000000a3300000, 0x00000000a3300000| Untracked 
|  22|0x00000000a3400000, 0x00000000a3400000, 0x00000000a3500000|  0%| F|  |TAMS 0x00000000a3400000, 0x00000000a3400000| Untracked 
|  23|0x00000000a3500000, 0x00000000a3500000, 0x00000000a3600000|  0%| F|  |TAMS 0x00000000a3500000, 0x00000000a3500000| Untracked 
|  24|0x00000000a3600000, 0x00000000a3600000, 0x00000000a3700000|  0%| F|  |TAMS 0x00000000a3600000, 0x00000000a3600000| Untracked 
|  25|0x00000000a3700000, 0x00000000a3700000, 0x00000000a3800000|  0%| F|  |TAMS 0x00000000a3700000, 0x00000000a3700000| Untracked 
|  26|0x00000000a3800000, 0x00000000a3800000, 0x00000000a3900000|  0%| F|  |TAMS 0x00000000a3800000, 0x00000000a3800000| Untracked 
|  27|0x00000000a3900000, 0x00000000a3900000, 0x00000000a3a00000|  0%| F|  |TAMS 0x00000000a3900000, 0x00000000a3900000| Untracked 
|  28|0x00000000a3a00000, 0x00000000a3a00000, 0x00000000a3b00000|  0%| F|  |TAMS 0x00000000a3a00000, 0x00000000a3a00000| Untracked 
|  29|0x00000000a3b00000, 0x00000000a3b00000, 0x00000000a3c00000|  0%| F|  |TAMS 0x00000000a3b00000, 0x00000000a3b00000| Untracked 
|  30|0x00000000a3c00000, 0x00000000a3c00000, 0x00000000a3d00000|  0%| F|  |TAMS 0x00000000a3c00000, 0x00000000a3c00000| Untracked 
|  31|0x00000000a3d00000, 0x00000000a3d00000, 0x00000000a3e00000|  0%| F|  |TAMS 0x00000000a3d00000, 0x00000000a3d00000| Untracked 
|  32|0x00000000a3e00000, 0x00000000a3e00000, 0x00000000a3f00000|  0%| F|  |TAMS 0x00000000a3e00000, 0x00000000a3e00000| Untracked 
|  33|0x00000000a3f00000, 0x00000000a3f00000, 0x00000000a4000000|  0%| F|  |TAMS 0x00000000a3f00000, 0x00000000a3f00000| Untracked 
|  34|0x00000000a4000000, 0x00000000a4000000, 0x00000000a4100000|  0%| F|  |TAMS 0x00000000a4000000, 0x00000000a4000000| Untracked 
|  35|0x00000000a4100000, 0x00000000a4100000, 0x00000000a4200000|  0%| F|  |TAMS 0x00000000a4100000, 0x00000000a4100000| Untracked 
|  36|0x00000000a4200000, 0x00000000a4200000, 0x00000000a4300000|  0%| F|  |TAMS 0x00000000a4200000, 0x00000000a4200000| Untracked 
|  37|0x00000000a4300000, 0x00000000a4300000, 0x00000000a4400000|  0%| F|  |TAMS 0x00000000a4300000, 0x00000000a4300000| Untracked 
|  38|0x00000000a4400000, 0x00000000a4400000, 0x00000000a4500000|  0%| F|  |TAMS 0x00000000a4400000, 0x00000000a4400000| Untracked 
|  39|0x00000000a4500000, 0x00000000a4500000, 0x00000000a4600000|  0%| F|  |TAMS 0x00000000a4500000, 0x00000000a4500000| Untracked 
|  40|0x00000000a4600000, 0x00000000a4600000, 0x00000000a4700000|  0%| F|  |TAMS 0x00000000a4600000, 0x00000000a4600000| Untracked 
|  41|0x00000000a4700000, 0x00000000a4700000, 0x00000000a4800000|  0%| F|  |TAMS 0x00000000a4700000, 0x00000000a4700000| Untracked 
|  42|0x00000000a4800000, 0x00000000a4800000, 0x00000000a4900000|  0%| F|  |TAMS 0x00000000a4800000, 0x00000000a4800000| Untracked 
|  43|0x00000000a4900000, 0x00000000a4900000, 0x00000000a4a00000|  0%| F|  |TAMS 0x00000000a4900000, 0x00000000a4900000| Untracked 
|  44|0x00000000a4a00000, 0x00000000a4a00000, 0x00000000a4b00000|  0%| F|  |TAMS 0x00000000a4a00000, 0x00000000a4a00000| Untracked 
|  45|0x00000000a4b00000, 0x00000000a4b00000, 0x00000000a4c00000|  0%| F|  |TAMS 0x00000000a4b00000, 0x00000000a4b00000| Untracked 
|  46|0x00000000a4c00000, 0x00000000a4c00000, 0x00000000a4d00000|  0%| F|  |TAMS 0x00000000a4c00000, 0x00000000a4c00000| Untracked 
|  47|0x00000000a4d00000, 0x00000000a4d00000, 0x00000000a4e00000|  0%| F|  |TAMS 0x00000000a4d00000, 0x00000000a4d00000| Untracked 
|  48|0x00000000a4e00000, 0x00000000a4e00000, 0x00000000a4f00000|  0%| F|  |TAMS 0x00000000a4e00000, 0x00000000a4e00000| Untracked 
|  49|0x00000000a4f00000, 0x00000000a4f00000, 0x00000000a5000000|  0%| F|  |TAMS 0x00000000a4f00000, 0x00000000a4f00000| Untracked 
|  50|0x00000000a5000000, 0x00000000a5000000, 0x00000000a5100000|  0%| F|  |TAMS 0x00000000a5000000, 0x00000000a5000000| Untracked 
|  51|0x00000000a5100000, 0x00000000a5100000, 0x00000000a5200000|  0%| F|  |TAMS 0x00000000a5100000, 0x00000000a5100000| Untracked 
|  52|0x00000000a5200000, 0x00000000a5200000, 0x00000000a5300000|  0%| F|  |TAMS 0x00000000a5200000, 0x00000000a5200000| Untracked 
|  53|0x00000000a5300000, 0x00000000a5300000, 0x00000000a5400000|  0%| F|  |TAMS 0x00000000a5300000, 0x00000000a5300000| Untracked 
|  54|0x00000000a5400000, 0x00000000a5400000, 0x00000000a5500000|  0%| F|  |TAMS 0x00000000a5400000, 0x00000000a5400000| Untracked 
|  55|0x00000000a5500000, 0x00000000a5500000, 0x00000000a5600000|  0%| F|  |TAMS 0x00000000a5500000, 0x00000000a5500000| Untracked 
|  56|0x00000000a5600000, 0x00000000a5600000, 0x00000000a5700000|  0%| F|  |TAMS 0x00000000a5600000, 0x00000000a5600000| Untracked 
|  57|0x00000000a5700000, 0x00000000a5700000, 0x00000000a5800000|  0%| F|  |TAMS 0x00000000a5700000, 0x00000000a5700000| Untracked 
|  58|0x00000000a5800000, 0x00000000a5800000, 0x00000000a5900000|  0%| F|  |TAMS 0x00000000a5800000, 0x00000000a5800000| Untracked 
|  59|0x00000000a5900000, 0x00000000a5900000, 0x00000000a5a00000|  0%| F|  |TAMS 0x00000000a5900000, 0x00000000a5900000| Untracked 
|  60|0x00000000a5a00000, 0x00000000a5a00000, 0x00000000a5b00000|  0%| F|  |TAMS 0x00000000a5a00000, 0x00000000a5a00000| Untracked 
|  61|0x00000000a5b00000, 0x00000000a5b00000, 0x00000000a5c00000|  0%| F|  |TAMS 0x00000000a5b00000, 0x00000000a5b00000| Untracked 
|  62|0x00000000a5c00000, 0x00000000a5c00000, 0x00000000a5d00000|  0%| F|  |TAMS 0x00000000a5c00000, 0x00000000a5c00000| Untracked 
|  63|0x00000000a5d00000, 0x00000000a5d00000, 0x00000000a5e00000|  0%| F|  |TAMS 0x00000000a5d00000, 0x00000000a5d00000| Untracked 
|  64|0x00000000a5e00000, 0x00000000a5e00000, 0x00000000a5f00000|  0%| F|  |TAMS 0x00000000a5e00000, 0x00000000a5e00000| Untracked 
|  65|0x00000000a5f00000, 0x00000000a5f00000, 0x00000000a6000000|  0%| F|  |TAMS 0x00000000a5f00000, 0x00000000a5f00000| Untracked 
|  66|0x00000000a6000000, 0x00000000a6000000, 0x00000000a6100000|  0%| F|  |TAMS 0x00000000a6000000, 0x00000000a6000000| Untracked 
|  67|0x00000000a6100000, 0x00000000a6100000, 0x00000000a6200000|  0%| F|  |TAMS 0x00000000a6100000, 0x00000000a6100000| Untracked 
|  68|0x00000000a6200000, 0x00000000a6200000, 0x00000000a6300000|  0%| F|  |TAMS 0x00000000a6200000, 0x00000000a6200000| Untracked 
|  69|0x00000000a6300000, 0x00000000a6300000, 0x00000000a6400000|  0%| F|  |TAMS 0x00000000a6300000, 0x00000000a6300000| Untracked 
|  70|0x00000000a6400000, 0x00000000a6400000, 0x00000000a6500000|  0%| F|  |TAMS 0x00000000a6400000, 0x00000000a6400000| Untracked 
|  71|0x00000000a6500000, 0x00000000a6500000, 0x00000000a6600000|  0%| F|  |TAMS 0x00000000a6500000, 0x00000000a6500000| Untracked 
|  72|0x00000000a6600000, 0x00000000a6600000, 0x00000000a6700000|  0%| F|  |TAMS 0x00000000a6600000, 0x00000000a6600000| Untracked 
|  73|0x00000000a6700000, 0x00000000a6700000, 0x00000000a6800000|  0%| F|  |TAMS 0x00000000a6700000, 0x00000000a6700000| Untracked 
|  74|0x00000000a6800000, 0x00000000a6800000, 0x00000000a6900000|  0%| F|  |TAMS 0x00000000a6800000, 0x00000000a6800000| Untracked 
|  75|0x00000000a6900000, 0x00000000a6900000, 0x00000000a6a00000|  0%| F|  |TAMS 0x00000000a6900000, 0x00000000a6900000| Untracked 
|  76|0x00000000a6a00000, 0x00000000a6a00000, 0x00000000a6b00000|  0%| F|  |TAMS 0x00000000a6a00000, 0x00000000a6a00000| Untracked 
|  77|0x00000000a6b00000, 0x00000000a6b00000, 0x00000000a6c00000|  0%| F|  |TAMS 0x00000000a6b00000, 0x00000000a6b00000| Untracked 
|  78|0x00000000a6c00000, 0x00000000a6c00000, 0x00000000a6d00000|  0%| F|  |TAMS 0x00000000a6c00000, 0x00000000a6c00000| Untracked 
|  79|0x00000000a6d00000, 0x00000000a6d00000, 0x00000000a6e00000|  0%| F|  |TAMS 0x00000000a6d00000, 0x00000000a6d00000| Untracked 
|  80|0x00000000a6e00000, 0x00000000a6e00000, 0x00000000a6f00000|  0%| F|  |TAMS 0x00000000a6e00000, 0x00000000a6e00000| Untracked 
|  81|0x00000000a6f00000, 0x00000000a6f00000, 0x00000000a7000000|  0%| F|  |TAMS 0x00000000a6f00000, 0x00000000a6f00000| Untracked 
|  82|0x00000000a7000000, 0x00000000a7000000, 0x00000000a7100000|  0%| F|  |TAMS 0x00000000a7000000, 0x00000000a7000000| Untracked 
|  83|0x00000000a7100000, 0x00000000a7100000, 0x00000000a7200000|  0%| F|  |TAMS 0x00000000a7100000, 0x00000000a7100000| Untracked 
|  84|0x00000000a7200000, 0x00000000a7200000, 0x00000000a7300000|  0%| F|  |TAMS 0x00000000a7200000, 0x00000000a7200000| Untracked 
|  85|0x00000000a7300000, 0x00000000a7343150, 0x00000000a7400000| 26%| E|  |TAMS 0x00000000a7300000, 0x00000000a7300000| Complete 
|  86|0x00000000a7400000, 0x00000000a7500000, 0x00000000a7500000|100%| E|CS|TAMS 0x00000000a7400000, 0x00000000a7400000| Complete 
|  87|0x00000000a7500000, 0x00000000a7600000, 0x00000000a7600000|100%| E|CS|TAMS 0x00000000a7500000, 0x00000000a7500000| Complete 
|  88|0x00000000a7600000, 0x00000000a7700000, 0x00000000a7700000|100%| E|CS|TAMS 0x00000000a7600000, 0x00000000a7600000| Complete 
|  89|0x00000000a7700000, 0x00000000a7800000, 0x00000000a7800000|100%| E|CS|TAMS 0x00000000a7700000, 0x00000000a7700000| Complete 
|  90|0x00000000a7800000, 0x00000000a7900000, 0x00000000a7900000|100%| E|CS|TAMS 0x00000000a7800000, 0x00000000a7800000| Complete 
|  91|0x00000000a7900000, 0x00000000a7a00000, 0x00000000a7a00000|100%| E|CS|TAMS 0x00000000a7900000, 0x00000000a7900000| Complete 
|  92|0x00000000a7a00000, 0x00000000a7b00000, 0x00000000a7b00000|100%| E|CS|TAMS 0x00000000a7a00000, 0x00000000a7a00000| Complete 
|  93|0x00000000a7b00000, 0x00000000a7c00000, 0x00000000a7c00000|100%| E|CS|TAMS 0x00000000a7b00000, 0x00000000a7b00000| Complete 
|  94|0x00000000a7c00000, 0x00000000a7d00000, 0x00000000a7d00000|100%| E|  |TAMS 0x00000000a7c00000, 0x00000000a7c00000| Complete 
|  95|0x00000000a7d00000, 0x00000000a7e00000, 0x00000000a7e00000|100%| E|CS|TAMS 0x00000000a7d00000, 0x00000000a7d00000| Complete 

Card table byte_map: [0x000001ec7bb90000,0x000001ec7be90000] _byte_map_base: 0x000001ec7b681000

Marking Bits (Prev, Next): (CMBitMap*) 0x000001ec722b52a0, (CMBitMap*) 0x000001ec722b52e0
 Prev Bits: [0x000001ec7c190000, 0x000001ec7d918000)
 Next Bits: [0x000001ec7d920000, 0x000001ec7f0a8000)

Polling page: 0x000001ec72340000

Metaspace:

Usage:
  Non-class:      2.49 MB used.
      Class:    176.07 KB used.
       Both:      2.66 MB used.

Virtual space:
  Non-class space:        8.00 MB reserved,       2.56 MB ( 32%) committed,  1 nodes.
      Class space:        1.00 GB reserved,     256.00 KB ( <1%) committed,  1 nodes.
             Both:        1.01 GB reserved,       2.81 MB ( <1%) committed. 

Chunk freelists:
   Non-Class:  2.64 MB
       Class:  3.64 MB
        Both:  6.28 MB

MaxMetaspaceSize: unlimited
CompressedClassSpaceSize: 1.00 GB
Initial GC threshold: 21.00 MB
Current GC threshold: 21.00 MB
CDS: on
MetaspaceReclaimPolicy: balanced
 - commit_granule_bytes: 65536.
 - commit_granule_words: 8192.
 - virtual_space_node_default_size: 1048576.
 - enlarge_chunks_in_place: 1.
 - new_chunks_are_fully_committed: 0.
 - uncommit_free_chunks: 1.
 - use_allocation_guard: 0.
 - handle_deallocations: 1.


Internal statistics:

num_allocs_failed_limit: 0.
num_arena_births: 78.
num_arena_deaths: 0.
num_vsnodes_births: 2.
num_vsnodes_deaths: 0.
num_space_committed: 45.
num_space_uncommitted: 0.
num_chunks_returned_to_freelist: 0.
num_chunks_taken_from_freelist: 151.
num_chunk_merges: 0.
num_chunk_splits: 101.
num_chunks_enlarged: 68.
num_purges: 0.
num_inconsistent_stats: 0.

CodeHeap 'non-profiled nmethods': size=120000Kb used=227Kb max_used=227Kb free=119772Kb
 bounds [0x000001ec07ad0000, 0x000001ec07d40000, 0x000001ec0f000000]
CodeHeap 'profiled nmethods': size=120000Kb used=1052Kb max_used=1052Kb free=118947Kb
 bounds [0x000001ec005a0000, 0x000001ec00810000, 0x000001ec07ad0000]
CodeHeap 'non-nmethods': size=5760Kb used=1526Kb max_used=1540Kb free=4233Kb
 bounds [0x000001ec00000000, 0x000001ec00270000, 0x000001ec005a0000]
 total_blobs=1598 nmethods=663 adapters=848
 compilation: enabled
              stopped_count=0, restarted_count=0
 full_count=0

Compilation events (20 events):
Event: 1.477 Thread 0x000001ec7f6b3260  654       3       java.nio.MappedByteBuffer::position (8 bytes)
Event: 1.477 Thread 0x000001ec7f6b3260 nmethod 654 0x000001ec006a4390 code [0x000001ec006a4540, 0x000001ec006a46e8]
Event: 1.480 Thread 0x000001ec7f6b2020  655   !   4       jdk.internal.misc.ScopedMemoryAccess::getByte (20 bytes)
Event: 1.481 Thread 0x000001ec7f6b2020 nmethod 655 0x000001ec07b08090 code [0x000001ec07b08200, 0x000001ec07b082b8]
Event: 1.482 Thread 0x000001ec7f6b3260  656       3       jdk.internal.jimage.BasicImageReader::getLocationIndex (52 bytes)
Event: 1.482 Thread 0x000001ec7f6b3260 nmethod 656 0x000001ec006a4790 code [0x000001ec006a4980, 0x000001ec006a4e18]
Event: 1.482 Thread 0x000001ec7f6b3260  658       3       jdk.internal.jimage.ImageLocation::verify (218 bytes)
Event: 1.483 Thread 0x000001ec7f6b3260 nmethod 658 0x000001ec006a5090 code [0x000001ec006a5340, 0x000001ec006a60d8]
Event: 1.484 Thread 0x000001ec7f6b3260  657       3       jdk.internal.jimage.ImageStringsReader::hashCode (8 bytes)
Event: 1.484 Thread 0x000001ec7f6b3260 nmethod 657 0x000001ec006a6610 code [0x000001ec006a67c0, 0x000001ec006a6978]
Event: 1.485 Thread 0x000001ec7f6b2020  659       4       java.lang.String::checkBoundsBeginEnd (63 bytes)
Event: 1.485 Thread 0x000001ec7f6b3260  660       3       sun.misc.Unsafe::putLong (11 bytes)
Event: 1.485 Thread 0x000001ec7f6b2020 nmethod 659 0x000001ec07b08390 code [0x000001ec07b08500, 0x000001ec07b085b8]
Event: 1.485 Thread 0x000001ec7f6b2020  662       4       java.lang.Integer::toUnsignedLong (7 bytes)
Event: 1.485 Thread 0x000001ec7f6b3260 nmethod 660 0x000001ec006a6a90 code [0x000001ec006a6c20, 0x000001ec006a6d38]
Event: 1.485 Thread 0x000001ec7f6b3260  661       3       org.lwjgl.system.MemoryUtil::memPutAddress (29 bytes)
Event: 1.486 Thread 0x000001ec7f6b2020 nmethod 662 0x000001ec07b08690 code [0x000001ec07b08800, 0x000001ec07b08858]
Event: 1.486 Thread 0x000001ec7f6b3260 nmethod 661 0x000001ec006a6e10 code [0x000001ec006a6fc0, 0x000001ec006a71b8]
Event: 1.486 Thread 0x000001ec7f6b2020  663       4       sun.misc.Unsafe::putLong (11 bytes)
Event: 1.486 Thread 0x000001ec7f6b2020 nmethod 663 0x000001ec07b08990 code [0x000001ec07b08b00, 0x000001ec07b08b98]

GC Heap History (0 events):
No events

Deoptimization events (20 events):
Event: 0.282 Thread 0x000001ec72280a00 DEOPT PACKING pc=0x000001ec005a7551 sp=0x0000008f972fd450
Event: 0.282 Thread 0x000001ec72280a00 DEOPT UNPACKING pc=0x000001ec00052b43 sp=0x0000008f972fc8c8 mode 0
Event: 0.306 Thread 0x000001ec72280a00 Uncommon trap: trap_request=0xffffff45 fr.pc=0x000001ec07adb680 relative=0x0000000000000640
Event: 0.306 Thread 0x000001ec72280a00 Uncommon trap: reason=unstable_if action=reinterpret pc=0x000001ec07adb680 method=java.util.zip.ZipFile$Source.checkAndAddEntry(II)I @ 50 c2
Event: 0.306 Thread 0x000001ec72280a00 DEOPT PACKING pc=0x000001ec07adb680 sp=0x0000008f972fd710
Event: 0.306 Thread 0x000001ec72280a00 DEOPT UNPACKING pc=0x000001ec000523a3 sp=0x0000008f972fd688 mode 2
Event: 0.490 Thread 0x000001ec72280a00 DEOPT PACKING pc=0x000001ec005bd365 sp=0x0000008f972fb5e0
Event: 0.490 Thread 0x000001ec72280a00 DEOPT UNPACKING pc=0x000001ec00052b43 sp=0x0000008f972faa30 mode 0
Event: 0.529 Thread 0x000001ec72280a00 Uncommon trap: trap_request=0xffffff45 fr.pc=0x000001ec07adc564 relative=0x0000000000000064
Event: 0.529 Thread 0x000001ec72280a00 Uncommon trap: reason=unstable_if action=reinterpret pc=0x000001ec07adc564 method=java.io.WinNTFileSystem.isSlash(C)Z @ 9 c2
Event: 0.529 Thread 0x000001ec72280a00 DEOPT PACKING pc=0x000001ec07adc564 sp=0x0000008f972fb6f0
Event: 0.529 Thread 0x000001ec72280a00 DEOPT UNPACKING pc=0x000001ec000523a3 sp=0x0000008f972fb678 mode 2
Event: 0.544 Thread 0x000001ec72280a00 Uncommon trap: trap_request=0xffffff45 fr.pc=0x000001ec07adfb40 relative=0x0000000000000040
Event: 0.544 Thread 0x000001ec72280a00 Uncommon trap: reason=unstable_if action=reinterpret pc=0x000001ec07adfb40 method=sun.nio.fs.WindowsPathParser.isSlash(C)Z @ 9 c2
Event: 0.544 Thread 0x000001ec72280a00 DEOPT PACKING pc=0x000001ec07adfb40 sp=0x0000008f972fb860
Event: 0.544 Thread 0x000001ec72280a00 DEOPT UNPACKING pc=0x000001ec000523a3 sp=0x0000008f972fb7e8 mode 2
Event: 1.470 Thread 0x000001ec72280a00 Uncommon trap: trap_request=0xffffffde fr.pc=0x000001ec07b009e8 relative=0x0000000000000428
Event: 1.470 Thread 0x000001ec72280a00 Uncommon trap: reason=class_check action=maybe_recompile pc=0x000001ec07b009e8 method=java.util.HashMap.getNode(Ljava/lang/Object;)Ljava/util/HashMap$Node; @ 128 c2
Event: 1.470 Thread 0x000001ec72280a00 DEOPT PACKING pc=0x000001ec07b009e8 sp=0x0000008f972fd1e0
Event: 1.470 Thread 0x000001ec72280a00 DEOPT UNPACKING pc=0x000001ec000523a3 sp=0x0000008f972fd0f8 mode 2

Classes unloaded (0 events):
No events

Classes redefined (0 events):
No events

Internal exceptions (20 events):
Event: 0.458 Thread 0x000001ec72280a00 Exception <a 'java/lang/NoSuchMethodError'{0x00000000a7775718}: 'void java.lang.invoke.DirectMethodHandle$Holder.invokeSpecial(java.lang.Object, java.lang.Object, java.lang.Object)'> (0x00000000a7775718) 
thrown [t:\workspace\open\src\hotspot\share\interpreter\linkResolver.cpp, line 766]
Event: 0.462 Thread 0x000001ec72280a00 Exception <a 'java/lang/NoSuchMethodError'{0x00000000a77876d8}: 'java.lang.Object java.lang.invoke.DirectMethodHandle$Holder.invokeStatic(java.lang.Object, java.lang.Object, int)'> (0x00000000a77876d8) 
thrown [t:\workspace\open\src\hotspot\share\interpreter\linkResolver.cpp, line 766]
Event: 0.465 Thread 0x000001ec72280a00 Exception <a 'java/lang/NoSuchMethodError'{0x00000000a77933c8}: 'void java.lang.invoke.DelegatingMethodHandle$Holder.delegate(java.lang.Object, java.lang.Object, int, java.lang.Object)'> (0x00000000a77933c8) 
thrown [t:\workspace\open\src\hotspot\share\interpreter\linkResolver.cpp, line 766]
Event: 0.465 Thread 0x000001ec72280a00 Exception <a 'java/lang/NoSuchMethodError'{0x00000000a7797608}: 'int java.lang.invoke.DirectMethodHandle$Holder.invokeSpecial(java.lang.Object, java.lang.Object, java.lang.Object)'> (0x00000000a7797608) 
thrown [t:\workspace\open\src\hotspot\share\interpreter\linkResolver.cpp, line 766]
Event: 0.544 Thread 0x000001ec72280a00 Exception <a 'sun/nio/fs/WindowsException'{0x00000000a7665bc0}> (0x00000000a7665bc0) 
thrown [t:\workspace\open\src\hotspot\share\prims\jni.cpp, line 516]
Event: 0.545 Thread 0x000001ec72280a00 Exception <a 'sun/nio/fs/WindowsException'{0x00000000a7666110}> (0x00000000a7666110) 
thrown [t:\workspace\open\src\hotspot\share\prims\jni.cpp, line 516]
Event: 0.569 Thread 0x000001ec72280a00 Exception <a 'java/lang/NoSuchMethodError'{0x00000000a76baa70}: 'int java.lang.invoke.DirectMethodHandle$Holder.invokeStaticInit(java.lang.Object, java.lang.Object, int, long)'> (0x00000000a76baa70) 
thrown [t:\workspace\open\src\hotspot\share\interpreter\linkResolver.cpp, line 766]
Event: 0.570 Thread 0x000001ec72280a00 Exception <a 'java/lang/NoSuchMethodError'{0x00000000a76c0338}: 'java.lang.Object java.lang.invoke.DirectMethodHandle$Holder.newInvokeSpecial(java.lang.Object, java.lang.Object, int)'> (0x00000000a76c0338) 
thrown [t:\workspace\open\src\hotspot\share\interpreter\linkResolver.cpp, line 766]
Event: 0.577 Thread 0x000001ec72280a00 Exception <a 'java/lang/NoSuchMethodError'{0x00000000a76d5508}: 'int java.lang.invoke.DirectMethodHandle$Holder.invokeStaticInit(java.lang.Object, java.lang.Object, long, long)'> (0x00000000a76d5508) 
thrown [t:\workspace\open\src\hotspot\share\interpreter\linkResolver.cpp, line 766]
Event: 0.578 Thread 0x000001ec72280a00 Exception <a 'java/lang/NoSuchMethodError'{0x00000000a76db290}: 'java.lang.Object java.lang.invoke.DirectMethodHandle$Holder.newInvokeSpecial(java.lang.Object, java.lang.Object, long)'> (0x00000000a76db290) 
thrown [t:\workspace\open\src\hotspot\share\interpreter\linkResolver.cpp, line 766]
Event: 0.579 Thread 0x000001ec72280a00 Exception <a 'java/lang/NoSuchMethodError'{0x00000000a76deb58}: 'java.lang.Object java.lang.invoke.Invokers$Holder.linkToTargetMethod(java.lang.Object, long, java.lang.Object)'> (0x00000000a76deb58) 
thrown [t:\workspace\open\src\hotspot\share\interpreter\linkResolver.cpp, line 766]
Event: 0.580 Thread 0x000001ec72280a00 Exception <a 'java/lang/NoSuchMethodError'{0x00000000a76e6028}: 'int java.lang.invoke.DirectMethodHandle$Holder.invokeStaticInit(java.lang.Object, java.lang.Object, java.lang.Object, long)'> (0x00000000a76e6028) 
thrown [t:\workspace\open\src\hotspot\share\interpreter\linkResolver.cpp, line 766]
Event: 0.610 Thread 0x000001ec72280a00 Exception <a 'sun/nio/fs/WindowsException'{0x00000000a759e268}> (0x00000000a759e268) 
thrown [t:\workspace\open\src\hotspot\share\prims\jni.cpp, line 516]
Event: 0.610 Thread 0x000001ec72280a00 Exception <a 'sun/nio/fs/WindowsException'{0x00000000a759e5f8}> (0x00000000a759e5f8) 
thrown [t:\workspace\open\src\hotspot\share\prims\jni.cpp, line 516]
Event: 0.642 Thread 0x000001ec72280a00 Exception <a 'sun/nio/fs/WindowsException'{0x00000000a745ec90}> (0x00000000a745ec90) 
thrown [t:\workspace\open\src\hotspot\share\prims\jni.cpp, line 516]
Event: 0.642 Thread 0x000001ec72280a00 Exception <a 'sun/nio/fs/WindowsException'{0x00000000a745eff0}> (0x00000000a745eff0) 
thrown [t:\workspace\open\src\hotspot\share\prims\jni.cpp, line 516]
Event: 1.477 Thread 0x000001ec72280a00 Exception <a 'sun/nio/fs/WindowsException'{0x00000000a74f4b50}> (0x00000000a74f4b50) 
thrown [t:\workspace\open\src\hotspot\share\prims\jni.cpp, line 516]
Event: 1.477 Thread 0x000001ec72280a00 Exception <a 'sun/nio/fs/WindowsException'{0x00000000a74f4ef8}> (0x00000000a74f4ef8) 
thrown [t:\workspace\open\src\hotspot\share\prims\jni.cpp, line 516]
Event: 1.482 Thread 0x000001ec72280a00 Exception <a 'sun/nio/fs/WindowsException'{0x00000000a7304608}> (0x00000000a7304608) 
thrown [t:\workspace\open\src\hotspot\share\prims\jni.cpp, line 516]
Event: 1.483 Thread 0x000001ec72280a00 Exception <a 'sun/nio/fs/WindowsException'{0x00000000a73048e8}> (0x00000000a73048e8) 
thrown [t:\workspace\open\src\hotspot\share\prims\jni.cpp, line 516]

VM Operations (6 events):
Event: 0.255 Executing VM operation: HandshakeAllThreads
Event: 0.255 Executing VM operation: HandshakeAllThreads done
Event: 0.462 Executing VM operation: HandshakeAllThreads
Event: 0.462 Executing VM operation: HandshakeAllThreads done
Event: 0.529 Executing VM operation: HandshakeAllThreads
Event: 0.529 Executing VM operation: HandshakeAllThreads done

Events (20 events):
Event: 0.560 loading class jdk/internal/reflect/UnsafeQualifiedStaticObjectFieldAccessorImpl
Event: 0.561 loading class jdk/internal/reflect/UnsafeQualifiedStaticFieldAccessorImpl
Event: 0.561 loading class jdk/internal/reflect/UnsafeQualifiedStaticFieldAccessorImpl done
Event: 0.561 loading class jdk/internal/reflect/UnsafeQualifiedStaticObjectFieldAccessorImpl done
Event: 0.568 loading class java/util/function/LongPredicate
Event: 0.568 loading class java/util/function/LongPredicate done
Event: 0.572 loading class jdk/internal/access/foreign/MemorySegmentProxy
Event: 0.572 loading class jdk/internal/access/foreign/MemorySegmentProxy done
Event: 0.583 loading class java/nio/InvalidMarkException
Event: 0.584 loading class java/nio/InvalidMarkException done
Event: 0.584 loading class java/nio/BufferUnderflowException
Event: 0.584 loading class java/nio/BufferUnderflowException done
Event: 0.612 loading class java/lang/NoSuchFieldError
Event: 0.612 loading class java/lang/NoSuchFieldError done
Event: 0.646 loading class jdk/internal/reflect/UnsafeQualifiedStaticIntegerFieldAccessorImpl
Event: 0.646 loading class jdk/internal/reflect/UnsafeQualifiedStaticIntegerFieldAccessorImpl done
Event: 1.446 Thread 0x000001ec11a300f0 Thread exited: 0x000001ec11a300f0
Event: 1.475 loading class jdk/internal/misc/ScopedMemoryAccess$Scope
Event: 1.475 loading class jdk/internal/misc/ScopedMemoryAccess$Scope done
Event: 1.479 Loaded shared library C:\Users\salva\AppData\Local\Temp\lwjglsalva\3.3.1-build-7\lwjgl_opengl.dll


Dynamic libraries:
0x00007ff7f97f0000 - 0x00007ff7f97fe000 	C:\Users\salva\.jdks\openjdk-17\bin\java.exe
0x00007ffdce9f0000 - 0x00007ffdcec04000 	C:\WINDOWS\SYSTEM32\ntdll.dll
0x00007ffdce030000 - 0x00007ffdce0f3000 	C:\WINDOWS\System32\KERNEL32.DLL
0x00007ffdcc1d0000 - 0x00007ffdcc56d000 	C:\WINDOWS\System32\KERNELBASE.dll
0x00007ffdcbe10000 - 0x00007ffdcbf21000 	C:\WINDOWS\System32\ucrtbase.dll
0x00007ffdbe0a0000 - 0x00007ffdbe0ba000 	C:\Users\salva\.jdks\openjdk-17\bin\VCRUNTIME140.dll
0x00007ffdbe2d0000 - 0x00007ffdbe2e8000 	C:\Users\salva\.jdks\openjdk-17\bin\jli.dll
0x00007ffdba370000 - 0x00007ffdba5fe000 	C:\WINDOWS\WinSxS\amd64_microsoft.windows.common-controls_6595b64144ccf1df_6.0.22621.608_none_a9444ca7c10bb01d\COMCTL32.dll
0x00007ffdcc7e0000 - 0x00007ffdcc98d000 	C:\WINDOWS\System32\USER32.dll
0x00007ffdce350000 - 0x00007ffdce3f7000 	C:\WINDOWS\System32\msvcrt.dll
0x00007ffdcc730000 - 0x00007ffdcc756000 	C:\WINDOWS\System32\win32u.dll
0x00007ffdce180000 - 0x00007ffdce1a9000 	C:\WINDOWS\System32\GDI32.dll
0x00007ffdcc610000 - 0x00007ffdcc722000 	C:\WINDOWS\System32\gdi32full.dll
0x00007ffdcc570000 - 0x00007ffdcc60a000 	C:\WINDOWS\System32\msvcp_win.dll
0x00007ffdce5c0000 - 0x00007ffdce5f2000 	C:\WINDOWS\System32\IMM32.DLL
0x00007ffdbe120000 - 0x00007ffdbe12c000 	C:\Users\salva\.jdks\openjdk-17\bin\vcruntime140_1.dll
0x00007ffdbb050000 - 0x00007ffdbb0dd000 	C:\Users\salva\.jdks\openjdk-17\bin\msvcp140.dll
0x00007ffd69330000 - 0x00007ffd69eee000 	C:\Users\salva\.jdks\openjdk-17\bin\server\jvm.dll
0x00007ffdcd010000 - 0x00007ffdcd0be000 	C:\WINDOWS\System32\ADVAPI32.dll
0x00007ffdcc990000 - 0x00007ffdcca34000 	C:\WINDOWS\System32\sechost.dll
0x00007ffdcced0000 - 0x00007ffdccfe5000 	C:\WINDOWS\System32\RPCRT4.dll
0x00007ffdce020000 - 0x00007ffdce028000 	C:\WINDOWS\System32\PSAPI.DLL
0x00007ffdc7350000 - 0x00007ffdc7359000 	C:\WINDOWS\SYSTEM32\WSOCK32.dll
0x00007ffdc5b30000 - 0x00007ffdc5b64000 	C:\WINDOWS\SYSTEM32\WINMM.dll
0x00007ffdce830000 - 0x00007ffdce8a1000 	C:\WINDOWS\System32\WS2_32.dll
0x00007ffdc2c10000 - 0x00007ffdc2c1a000 	C:\WINDOWS\SYSTEM32\VERSION.dll
0x00007ffdcae20000 - 0x00007ffdcae38000 	C:\WINDOWS\SYSTEM32\kernel.appcore.dll
0x00007ffdbe000000 - 0x00007ffdbe00a000 	C:\Users\salva\.jdks\openjdk-17\bin\jimage.dll
0x00007ffdc9a50000 - 0x00007ffdc9c7e000 	C:\WINDOWS\SYSTEM32\DBGHELP.DLL
0x00007ffdcca40000 - 0x00007ffdccdca000 	C:\WINDOWS\System32\combase.dll
0x00007ffdcd1e0000 - 0x00007ffdcd2b7000 	C:\WINDOWS\System32\OLEAUT32.dll
0x00007ffdafc90000 - 0x00007ffdafcc2000 	C:\WINDOWS\SYSTEM32\dbgcore.DLL
0x00007ffdcc760000 - 0x00007ffdcc7db000 	C:\WINDOWS\System32\bcryptPrimitives.dll
0x00007ffda3500000 - 0x00007ffda3525000 	C:\Users\salva\.jdks\openjdk-17\bin\java.dll
0x00007ffd91d20000 - 0x00007ffd91df6000 	C:\Users\salva\.jdks\openjdk-17\bin\svml.dll
0x00007ffdcd3b0000 - 0x00007ffdcdb9f000 	C:\WINDOWS\System32\SHELL32.dll
0x00007ffdc9de0000 - 0x00007ffdca6a8000 	C:\WINDOWS\SYSTEM32\windows.storage.dll
0x00007ffdc9ca0000 - 0x00007ffdc9dde000 	C:\WINDOWS\SYSTEM32\wintypes.dll
0x00007ffdce8b0000 - 0x00007ffdce9a1000 	C:\WINDOWS\System32\SHCORE.dll
0x00007ffdce7d0000 - 0x00007ffdce82e000 	C:\WINDOWS\System32\shlwapi.dll
0x00007ffdcbd40000 - 0x00007ffdcbd61000 	C:\WINDOWS\SYSTEM32\profapi.dll
0x00007ffdbdfe0000 - 0x00007ffdbdff9000 	C:\Users\salva\.jdks\openjdk-17\bin\net.dll
0x00007ffdc3e00000 - 0x00007ffdc3f2f000 	C:\WINDOWS\SYSTEM32\WINHTTP.dll
0x00007ffdcb280000 - 0x00007ffdcb2e9000 	C:\WINDOWS\system32\mswsock.dll
0x00007ffdbd820000 - 0x00007ffdbd835000 	C:\Users\salva\.jdks\openjdk-17\bin\nio.dll
0x00007ffdbd3e0000 - 0x00007ffdbd3f8000 	C:\Users\salva\.jdks\openjdk-17\bin\zip.dll
0x00007ffdbd950000 - 0x00007ffdbd960000 	C:\Users\salva\.jdks\openjdk-17\bin\verify.dll
0x00007ffdbcbc0000 - 0x00007ffdbcc35000 	C:\Users\salva\AppData\Local\Temp\lwjglsalva\3.3.1-build-7\lwjgl.dll
0x00007ffd91350000 - 0x00007ffd915a9000 	C:\Users\salva\AppData\Local\Temp\lwjglsalva\3.3.1-build-7\jemalloc.dll
0x00007ffdbbf70000 - 0x00007ffdbbfd1000 	C:\Users\salva\AppData\Local\Temp\lwjglsalva\3.3.1-build-7\glfw.dll
0x00007ffdbd240000 - 0x00007ffdbd286000 	C:\WINDOWS\SYSTEM32\dinput8.dll
0x00007ffdbcf50000 - 0x00007ffdbcf61000 	C:\WINDOWS\SYSTEM32\xinput1_4.dll
0x00007ffdcba80000 - 0x00007ffdcbace000 	C:\WINDOWS\SYSTEM32\cfgmgr32.dll
0x00007ffdcba40000 - 0x00007ffdcba73000 	C:\WINDOWS\SYSTEM32\DEVOBJ.dll
0x00007ffdc92d0000 - 0x00007ffdc92fb000 	C:\WINDOWS\SYSTEM32\dwmapi.dll
0x00007ffdc0f10000 - 0x00007ffdc1111000 	C:\WINDOWS\SYSTEM32\inputhost.dll
0x00007ffdc8be0000 - 0x00007ffdc8d13000 	C:\WINDOWS\SYSTEM32\CoreMessaging.dll
0x00007ffdc9040000 - 0x00007ffdc90eb000 	C:\WINDOWS\system32\uxtheme.dll
0x00007ffdcb580000 - 0x00007ffdcb58c000 	C:\WINDOWS\SYSTEM32\CRYPTBASE.DLL
0x00007ffdcd0c0000 - 0x00007ffdcd1de000 	C:\WINDOWS\System32\MSCTF.dll
0x00007ffdbd400000 - 0x00007ffdbd500000 	C:\WINDOWS\SYSTEM32\opengl32.dll
0x00007ffdc13f0000 - 0x00007ffdc141d000 	C:\WINDOWS\SYSTEM32\GLU32.dll
0x00007ffdc9150000 - 0x00007ffdc9186000 	C:\WINDOWS\SYSTEM32\dxcore.dll
0x00007ffdc61e0000 - 0x00007ffdc6229000 	C:\WINDOWS\SYSTEM32\directxdatabasehelper.dll
0x00007ffdcd2d0000 - 0x00007ffdcd387000 	C:\WINDOWS\System32\clbcatq.dll
0x00007ffdbc510000 - 0x00007ffdbc53a000 	C:\Windows\System32\DriverStore\FileRepository\u0361441.inf_amd64_122c374e035e7595\B361368\atig6pxx.dll
0x00007ffd5b7c0000 - 0x00007ffd5e4a6000 	C:\Windows\System32\DriverStore\FileRepository\u0361441.inf_amd64_122c374e035e7595\B361368\atio6axx.dll
0x00007ffdcdba0000 - 0x00007ffdce01a000 	C:\WINDOWS\System32\SETUPAPI.dll
0x00007ffdce1b0000 - 0x00007ffdce34c000 	C:\WINDOWS\System32\ole32.dll
0x00007ffdc6330000 - 0x00007ffdc6355000 	C:\WINDOWS\SYSTEM32\dxva2.dll
0x00007ffdbc1b0000 - 0x00007ffdbc1ec000 	C:\WINDOWS\System32\DriverStore\FileRepository\u0361441.inf_amd64_122c374e035e7595\B361368\atig6txx.dll
0x00007ffd90fc0000 - 0x00007ffd91179000 	C:\WINDOWS\SYSTEM32\atiadlxx.dll
0x00007ffdc6e30000 - 0x00007ffdc6f30000 	C:\WINDOWS\SYSTEM32\PROPSYS.dll
0x00007ffdcbf30000 - 0x00007ffdcbf9b000 	C:\WINDOWS\System32\WINTRUST.dll
0x00007ffdcc060000 - 0x00007ffdcc1c6000 	C:\WINDOWS\System32\CRYPT32.dll
0x00007ffdcba20000 - 0x00007ffdcba32000 	C:\WINDOWS\SYSTEM32\MSASN1.dll
0x00007ffdc31d0000 - 0x00007ffdc32fd000 	C:\WINDOWS\SYSTEM32\textinputframework.dll
0x00007ffdc5b80000 - 0x00007ffdc5eec000 	C:\WINDOWS\SYSTEM32\CoreUIComponents.dll
0x00007ffdbb3e0000 - 0x00007ffdbb43d000 	C:\Users\salva\AppData\Local\Temp\lwjglsalva\3.3.1-build-7\lwjgl_opengl.dll

dbghelp: loaded successfully - version: 4.0.5 - missing functions: none
symbol engine: initialized successfully - sym options: 0x614 - pdb path: .;C:\Users\salva\.jdks\openjdk-17\bin;C:\WINDOWS\SYSTEM32;C:\WINDOWS\WinSxS\amd64_microsoft.windows.common-controls_6595b64144ccf1df_6.0.22621.608_none_a9444ca7c10bb01d;C:\Users\salva\.jdks\openjdk-17\bin\server;C:\Users\salva\AppData\Local\Temp\lwjglsalva\3.3.1-build-7;C:\Windows\System32\DriverStore\FileRepository\u0361441.inf_amd64_122c374e035e7595\B361368

VM Arguments:
jvm_args: -Dfile.encoding=UTF-8 -Duser.country=GB -Duser.language=en -Duser.variant 
java_command: org.fallenreaper.main.GameLauncher
java_class_path (initial): C:\Users\salva\OneDrive\Documentos\GitHub\Exolor\build\classes\java\main;C:\Users\salva\OneDrive\Documentos\GitHub\Exolor\build\resources\main;C:\Users\salva\.gradle\caches\modules-2\files-2.1\com.google.code.gson\gson\2.9.1\2cc2131b98ebfb04e2b2c7dfb84431f4045096b\gson-2.9.1.jar;C:\Users\salva\.gradle\caches\modules-2\files-2.1\org.joml\joml\1.9.2\b9db0f365d01b70d99a7a36819f42211b2f9bcf8\joml-1.9.2.jar;C:\Users\salva\.gradle\caches\modules-2\files-2.1\org.apache.commons\commons-lang3\3.0\8873bd0bb5cb9ee37f1b04578eb7e26fcdd44cb0\commons-lang3-3.0.jar;C:\Users\salva\.gradle\caches\modules-2\files-2.1\net.java.jinput\jinput\2.0.5\39c7796b469a600f72380316f6b1f11db6c2c7c4\jinput-2.0.5.jar;C:\Users\salva\.gradle\caches\modules-2\files-2.1\com.google.guava\guava\24.0-jre\41ac1e74d6b4e1ea1f027139cffeb536c732a81\guava-24.0-jre.jar;C:\Users\salva\.gradle\caches\modules-2\files-2.1\com.badlogicgames.gdx\gdx-backend-lwjgl3\1.11.0\58a96db4cd349be4292d547856aa1e1c5f065f4e\gdx-backend-lwjgl3-1.11.0.jar;C:\Users\salva\.gradle\caches\modules-2\files-2.1\com.badlogicgames.gdx-controllers\gdx-controllers-core\2.2.1\8aca0dc002a8daf6a6d28f49c44e25189dd93fd7\gdx-controllers-core-2.2.1.jar;C:\Users\salva\.gradle\caches\modules-2\files-2.1\com.badlogicgames.gdx\gdx-box2d\1.11.0\ad4facee800dd945d6d6e93dea2936bc135b5f\gdx-box2d-1.11.0.jar;C:\Users\salva\.gradle\caches\modules-2\files-2.1\com.badlogicgames.gdx\gdx-ai\1.8.2\ab75d2ce80ab1b1ce6828a15dc0f417abac4c674\gdx-ai-1.8.2.jar;C:\Users\salva\.gradle\caches\modules-2\files-2.1\com.badlogicgames.gdx\gdx\1.11.0\ffe1206d1004cd9e40027e28964be0fea0399af7\gdx-1.11.0.jar;C:\Users\salva\.gradle\caches\modules-2\files-2.1\com.badlogicgames.gdx\gdx-box2d-platform\1.11.0\62ff9baa1e57a11e0a4428a38c9660bf9f312fdc\gdx-box2d-platform-1.11.0-natives-desktop.jar;C:\Users\salva\.gradle\caches\modules-2\files-2.1\com.badlogicgames.gdx\gdx-bullet-platform\1.11.0\2c067b913a306ba26d482075297538ad91cdb88b\gdx-bullet-platform-1.11.0-na
Launcher Type: SUN_STANDARD

[Global flags]
     intx CICompilerCount                          = 3                                         {product} {ergonomic}
     uint ConcGCThreads                            = 1                                         {product} {ergonomic}
     uint G1ConcRefinementThreads                  = 4                                         {product} {ergonomic}
   size_t G1HeapRegionSize                         = 1048576                                   {product} {ergonomic}
    uintx GCDrainStackTargetSize                   = 64                                        {product} {ergonomic}
   size_t InitialHeapSize                          = 100663296                                 {product} {ergonomic}
   size_t MarkStackSize                            = 4194304                                   {product} {ergonomic}
   size_t MaxHeapSize                              = 1579155456                                {product} {ergonomic}
   size_t MaxNewSize                               = 946864128                                 {product} {ergonomic}
   size_t MinHeapDeltaBytes                        = 1048576                                   {product} {ergonomic}
   size_t MinHeapSize                              = 8388608                                   {product} {ergonomic}
    uintx NonNMethodCodeHeapSize                   = 5832780                                {pd product} {ergonomic}
    uintx NonProfiledCodeHeapSize                  = 122912730                              {pd product} {ergonomic}
    uintx ProfiledCodeHeapSize                     = 122912730                              {pd product} {ergonomic}
    uintx ReservedCodeCacheSize                    = 251658240                              {pd product} {ergonomic}
     bool SegmentedCodeCache                       = true                                      {product} {ergonomic}
   size_t SoftMaxHeapSize                          = 1579155456                             {manageable} {ergonomic}
     bool UseCompressedClassPointers               = true                           {product lp64_product} {ergonomic}
     bool UseCompressedOops                        = true                           {product lp64_product} {ergonomic}
     bool UseG1GC                                  = true                                      {product} {ergonomic}
     bool UseLargePagesIndividualAllocation        = false                                  {pd product} {ergonomic}

Logging:
Log output configuration:
 #0: stdout all=warning uptime,level,tags
 #1: stderr all=off uptime,level,tags

Environment Variables:
JAVA_HOME=C:\Program Files\Java\jdk-17.0.1
PATH=C:\Program Files\Java\jdk-17.0.1\bin;C:\Program Files\Gradle\gradle-7.1\bin;C:\Program Files\Java\jdk-16.0.1\bin;C:\Program Files\Java\jdk1.8.0_301\bin;C:\Program Files\Gradle\gradle-5.6.4\bin;C:\Program Files\Gradle\gradle-6.8.1\bin;C:\Program Files\Common Files\Oracle\Java\javapath;C:\Program Files (x86)\Common Files\Oracle\Java\javapath;C:\WINDOWS\system32;C:\WINDOWS;C:\WINDOWS\System32\Wbem;C:\WINDOWS\System32\WindowsPowerShell\v1.0\;C:\WINDOWS\System32\OpenSSH\;C:\Users\salva\AppData\Local\Microsoft\WindowsApps;C:\Program Files\JetBrains\IntelliJ IDEA Community Edition 2021.2.2\bin;C:\Users\salva\AppData\Local\GitHubDesktop\bin;C:\adb;C:\WINDOWS\system32;C:\WINDOWS;C:\WINDOWS\System32\Wbem;C:\WINDOWS\System32\WindowsPowerShell\v1.0\;C:\WINDOWS\System32\OpenSSH\;C:\Program Files\Git\cmd;C:\Program Files\Java\jdk-17.0.1\bin;C:\Program Files\Gradle\gradle-7.1\bin;C:\Program Files\Java\jdk-16.0.1\bin;C:\Program Files\Java\jdk1.8.0_301\bin;C:\Program Files\Gradle\gradle-5.6.4\bin;C:\Program Files\Gradle\gradle-6.8.1\bin;C:\Users\salva\AppData\Local\Microsoft\WindowsApps;C:\Program Files\JetBrains\IntelliJ IDEA Community Edition 2021.2.2\bin;;C:\Users\salva\AppData\Local\GitHubDesktop\bin;C:\Program Files\JetBrains\PyCharm Community Edition 2022.2.1\bin;;
USERNAME=salva
OS=Windows_NT
PROCESSOR_IDENTIFIER=AMD64 Family 23 Model 24 Stepping 1, AuthenticAMD



---------------  S Y S T E M  ---------------

OS:
 Windows 10 , 64 bit Build 22621 (10.0.22621.1105)
OS uptime: 5 days 6:36 hours
Hyper-V role detected

CPU: total 4 (initial active 4) (4 cores per cpu, 2 threads per core) family 23 model 24 stepping 1 microcode 0x0, cx8, cmov, fxsr, ht, mmx, 3dnowpref, sse, sse2, sse3, ssse3, sse4a, sse4.1, sse4.2, popcnt, lzcnt, tsc, tscinvbit, avx, avx2, aes, clmul, bmi1, bmi2, adx, sha, fma, vzeroupper, clflush, clflushopt, hv

Memory: 4k page, system-wide physical 6020M (665M free)
TotalPageFile size 21068M (AvailPageFile size 2846M)
current process WorkingSet (physical memory assigned to process): 84M, peak: 84M
current process commit charge ("private bytes"): 250M, peak: 250M

vm_info: OpenJDK 64-Bit Server VM (17+35-2724) for windows-amd64 JRE (17+35-2724), built on Aug  5 2021 23:26:02 by "mach5one" with MS VC++ 16.8 (VS2019)

END.
