#
# A fatal error has been detected by the Java Runtime Environment:
#
#  EXCEPTION_ACCESS_VIOLATION (0xc0000005) at pc=0x00007ffdbbf82912, pid=9748, tid=11952
#
# JRE version: OpenJDK Runtime Environment (17.0+35) (build 17+35-2724)
# Java VM: OpenJDK 64-Bit Server VM (17+35-2724, mixed mode, sharing, tiered, compressed oops, compressed class ptrs, g1 gc, windows-amd64)
# Problematic frame:
# C  [glfw.dll+0x12912]
#
# No core dump will be written. Minidumps are not enabled by default on client versions of Windows
#
# If you would like to submit a bug report, please visit:
#   https://bugreport.java.com/bugreport/crash.jsp
# The crash happened outside the Java Virtual Machine in native code.
# See problematic frame for where to report the bug.
#

---------------  S U M M A R Y ------------

Command Line: -Dfile.encoding=UTF-8 -Duser.country=GB -Duser.language=en -Duser.variant org.fallenreaper.main.GameLauncher

Host: AMD Ryzen 3 3200U with Radeon Vega Mobile Gfx  , 4 cores, 5G,  Windows 10 , 64 bit Build 22621 (10.0.22621.1105)
Time: Thu Feb  9 16:13:52 2023 GMT Standard Time elapsed time: 8.185109 seconds (0d 0h 0m 8s)

---------------  T H R E A D  ---------------

Current thread (0x000002573e6713e0):  JavaThread "main" [_thread_in_native, id=11952, stack(0x000000cd8fb00000,0x000000cd8fc00000)]

Stack: [0x000000cd8fb00000,0x000000cd8fc00000],  sp=0x000000cd8fbf61b0,  free space=984k
Native frames: (J=compiled Java code, j=interpreted, Vv=VM code, C=native code)
C  [glfw.dll+0x12912]

Java frames: (J=compiled Java code, j=interpreted, Vv=VM code)
j  org.lwjgl.system.JNI.invokeV(J)V+0
j  org.lwjgl.glfw.GLFW.glfwPollEvents()V+5
j  org.fallenreaper.nebula2d.renderer_manager.Window.loop()V+17
j  org.fallenreaper.nebula2d.renderer_manager.Window.run()V+19
j  org.fallenreaper.core.server.Exolor.<init>()V+39
j  org.fallenreaper.core.server.Exolor.getInstance()Lorg/fallenreaper/core/server/Exolor;+4
j  org.fallenreaper.core.server.networking.MouseHandler.getInstance()Lorg/fallenreaper/core/server/networking/MouseHandler;+10
j  org.fallenreaper.core.server.networking.MouseHandler.mousePosCallBack(JDD)V+0
j  org.fallenreaper.nebula2d.renderer_manager.Window$$Lambda$32+0x0000000800c1e368.invoke(JDD)V+4
j  org.lwjgl.glfw.GLFWCursorPosCallbackI.callback(JJ)V+34
v  ~StubRoutines::call_stub
j  org.lwjgl.system.JNI.invokeV(J)V+0
j  org.lwjgl.glfw.GLFW.glfwPollEvents()V+5
j  org.fallenreaper.nebula2d.renderer_manager.Window.loop()V+17
j  org.fallenreaper.nebula2d.renderer_manager.Window.run()V+19
j  org.fallenreaper.core.server.Exolor.<init>()V+39
j  org.fallenreaper.core.server.Exolor.getInstance()Lorg/fallenreaper/core/server/Exolor;+4
j  org.fallenreaper.core.server.networking.MouseHandler.getInstance()Lorg/fallenreaper/core/server/networking/MouseHandler;+10
j  org.fallenreaper.core.server.networking.MouseHandler.mousePosCallBack(JDD)V+0
j  org.fallenreaper.nebula2d.renderer_manager.Window$$Lambda$32+0x0000000800c1e368.invoke(JDD)V+4
j  org.lwjgl.glfw.GLFWCursorPosCallbackI.callback(JJ)V+34
v  ~StubRoutines::call_stub
j  org.lwjgl.system.JNI.invokeV(J)V+0
j  org.lwjgl.glfw.GLFW.glfwPollEvents()V+5
j  org.fallenreaper.nebula2d.renderer_manager.Window.loop()V+17
j  org.fallenreaper.nebula2d.renderer_manager.Window.run()V+19
j  org.fallenreaper.core.server.Exolor.<init>()V+39
j  org.fallenreaper.core.server.Exolor.getInstance()Lorg/fallenreaper/core/server/Exolor;+4
j  org.fallenreaper.core.server.networking.MouseHandler.getInstance()Lorg/fallenreaper/core/server/networking/MouseHandler;+10
j  org.fallenreaper.core.server.networking.MouseHandler.mousePosCallBack(JDD)V+0
j  org.fallenreaper.nebula2d.renderer_manager.Window$$Lambda$32+0x0000000800c1e368.invoke(JDD)V+4
j  org.lwjgl.glfw.GLFWCursorPosCallbackI.callback(JJ)V+34
v  ~StubRoutines::call_stub
j  org.lwjgl.system.JNI.invokeV(J)V+0
j  org.lwjgl.glfw.GLFW.glfwPollEvents()V+5
j  org.fallenreaper.nebula2d.renderer_manager.Window.loop()V+17
j  org.fallenreaper.nebula2d.renderer_manager.Window.run()V+19
j  org.fallenreaper.core.server.Exolor.<init>()V+39
j  org.fallenreaper.core.server.Exolor.getInstance()Lorg/fallenreaper/core/server/Exolor;+4
j  org.fallenreaper.core.server.networking.MouseHandler.getInstance()Lorg/fallenreaper/core/server/networking/MouseHandler;+10
j  org.fallenreaper.core.server.networking.MouseHandler.mousePosCallBack(JDD)V+0
j  org.fallenreaper.nebula2d.renderer_manager.Window$$Lambda$32+0x0000000800c1e368.invoke(JDD)V+4
j  org.lwjgl.glfw.GLFWCursorPosCallbackI.callback(JJ)V+34
v  ~StubRoutines::call_stub
j  org.lwjgl.system.JNI.invokeV(J)V+0
j  org.lwjgl.glfw.GLFW.glfwPollEvents()V+5
j  org.fallenreaper.nebula2d.renderer_manager.Window.loop()V+17
j  org.fallenreaper.nebula2d.renderer_manager.Window.run()V+19
j  org.fallenreaper.core.server.Exolor.<init>()V+39
j  org.fallenreaper.core.server.Exolor.getInstance()Lorg/fallenreaper/core/server/Exolor;+4
j  org.fallenreaper.core.server.networking.MouseHandler.getInstance()Lorg/fallenreaper/core/server/networking/MouseHandler;+10
j  org.fallenreaper.core.server.networking.MouseHandler.mousePosCallBack(JDD)V+0
j  org.fallenreaper.nebula2d.renderer_manager.Window$$Lambda$32+0x0000000800c1e368.invoke(JDD)V+4
j  org.lwjgl.glfw.GLFWCursorPosCallbackI.callback(JJ)V+34
v  ~StubRoutines::call_stub
j  org.lwjgl.system.JNI.invokeV(J)V+0
j  org.lwjgl.glfw.GLFW.glfwPollEvents()V+5
j  org.fallenreaper.nebula2d.renderer_manager.Window.loop()V+17
j  org.fallenreaper.nebula2d.renderer_manager.Window.run()V+19
j  org.fallenreaper.core.server.Exolor.<init>()V+39
j  org.fallenreaper.core.server.Exolor.getInstance()Lorg/fallenreaper/core/server/Exolor;+4
j  org.fallenreaper.core.server.networking.MouseHandler.getInstance()Lorg/fallenreaper/core/server/networking/MouseHandler;+10
j  org.fallenreaper.core.server.networking.MouseHandler.mousePosCallBack(JDD)V+0
j  org.fallenreaper.nebula2d.renderer_manager.Window$$Lambda$32+0x0000000800c1e368.invoke(JDD)V+4
j  org.lwjgl.glfw.GLFWCursorPosCallbackI.callback(JJ)V+34
v  ~StubRoutines::call_stub
j  org.lwjgl.system.JNI.invokeV(J)V+0
j  org.lwjgl.glfw.GLFW.glfwPollEvents()V+5
j  org.fallenreaper.nebula2d.renderer_manager.Window.loop()V+17
j  org.fallenreaper.nebula2d.renderer_manager.Window.run()V+19
j  org.fallenreaper.core.server.Exolor.<init>()V+39
j  org.fallenreaper.core.server.Exolor.getInstance()Lorg/fallenreaper/core/server/Exolor;+4
j  org.fallenreaper.core.server.networking.MouseHandler.getInstance()Lorg/fallenreaper/core/server/networking/MouseHandler;+10
j  org.fallenreaper.core.server.networking.MouseHandler.mousePosCallBack(JDD)V+0
j  org.fallenreaper.nebula2d.renderer_manager.Window$$Lambda$32+0x0000000800c1e368.invoke(JDD)V+4
j  org.lwjgl.glfw.GLFWCursorPosCallbackI.callback(JJ)V+34
v  ~StubRoutines::call_stub
j  org.lwjgl.system.JNI.invokeV(J)V+0
j  org.lwjgl.glfw.GLFW.glfwPollEvents()V+5
j  org.fallenreaper.nebula2d.renderer_manager.Window.loop()V+17
j  org.fallenreaper.nebula2d.renderer_manager.Window.run()V+19
j  org.fallenreaper.core.server.Exolor.<init>()V+39
j  org.fallenreaper.core.server.Exolor.getInstance()Lorg/fallenreaper/core/server/Exolor;+4
j  org.fallenreaper.core.server.networking.MouseHandler.getInstance()Lorg/fallenreaper/core/server/networking/MouseHandler;+10
j  org.fallenreaper.core.server.networking.MouseHandler.mousePosCallBack(JDD)V+0
j  org.fallenreaper.nebula2d.renderer_manager.Window$$Lambda$32+0x0000000800c1e368.invoke(JDD)V+4
j  org.lwjgl.glfw.GLFWCursorPosCallbackI.callback(JJ)V+34
v  ~StubRoutines::call_stub
j  org.lwjgl.system.JNI.invokeV(J)V+0
j  org.lwjgl.glfw.GLFW.glfwPollEvents()V+5
j  org.fallenreaper.nebula2d.renderer_manager.Window.loop()V+17
j  org.fallenreaper.nebula2d.renderer_manager.Window.run()V+19
j  org.fallenreaper.core.server.Exolor.<init>()V+39
j  org.fallenreaper.core.server.Exolor.getInstance()Lorg/fallenreaper/core/server/Exolor;+4
j  org.fallenreaper.main.GameLauncher.main([Ljava/lang/String;)V+0
v  ~StubRoutines::call_stub

siginfo: EXCEPTION_ACCESS_VIOLATION (0xc0000005), writing address 0x0000025770efa6d0


Register to memory mapping:

RIP=0x00007ffdbbf82912 glfw.dll
RAX=0x00007ffdcc801f59 USER32.dll
RBX=0x00000000002100be is an unknown value
RCX=0x2deaade3bdaf0000 is an unknown value
RDX=0x000002573e671668 points into unknown readable memory: 0x000000cd8fbf6780 | 80 67 bf 8f cd 00 00 00
RSP=0x000000cd8fbf61b0 is pointing into the stack for thread: 0x000002573e6713e0
RBP=0x000000cd8fbf6269 is pointing into the stack for thread: 0x000002573e6713e0
RSI=0x0000025770efa330 is an unknown value
RDI=0x0000000000000200 is an unknown value
R8 =0x000000000000000a is an unknown value
R9 =0x000000000000000a is an unknown value
R10=0x000002573e66dfe0 points into unknown readable memory: 0x0000002000000009 | 09 00 00 00 20 00 00 00
R11={method} {0x000002575b0fcff0} 'callback' '(JJ)V' in 'org/lwjgl/glfw/GLFWCursorPosCallbackI'
R12=0x0000000000000002 is an unknown value
R13=0x00000000000000be is an unknown value
R14=0x0000000000000021 is an unknown value
R15=0x0 is NULL


Registers:
RAX=0x00007ffdcc801f59, RBX=0x00000000002100be, RCX=0x2deaade3bdaf0000, RDX=0x000002573e671668
RSP=0x000000cd8fbf61b0, RBP=0x000000cd8fbf6269, RSI=0x0000025770efa330, RDI=0x0000000000000200
R8 =0x000000000000000a, R9 =0x000000000000000a, R10=0x000002573e66dfe0, R11=0x000002575b0fcfe8
R12=0x0000000000000002, R13=0x00000000000000be, R14=0x0000000000000021, R15=0x0000000000000000
RIP=0x00007ffdbbf82912, EFLAGS=0x0000000000010202

Top of Stack: (sp=0x000000cd8fbf61b0)
0x000000cd8fbf61b0:   0000025770efa330 0000000000000001
0x000000cd8fbf61c0:   000000cd8fbf61a8 0000000000000000
0x000000cd8fbf61d0:   0000000000000000 00007ffdcc21a1ab
0x000000cd8fbf61e0:   00007ffdcbe237b0 00007ffdcea18d43
0x000000cd8fbf61f0:   0000000000000000 00000257718b6d00
0x000000cd8fbf6200:   0000000000000021 0000000000590e9a
0x000000cd8fbf6210:   0000000000000000 0000000200000018
0x000000cd8fbf6220:   0000000000590e9a 0000000000000000
0x000000cd8fbf6230:   ffffffffffffffff 00007ffdcc7f80c7
0x000000cd8fbf6240:   00007ffdcc7f8516 0000025770efa330
0x000000cd8fbf6250:   0000000002000001 000068d234b55a37
0x000000cd8fbf6260:   0000000000000000 0000000000590e9a
0x000000cd8fbf6270:   00007ffdbbf81ea0 00007ffdcc7f7abb
0x000000cd8fbf6280:   0000000000590e9a 0000000000000200
0x000000cd8fbf6290:   0000000000000000 0000000000000000
0x000000cd8fbf62a0:   0000000000000000 0000000000000001 

Instructions: (pc=0x00007ffdbbf82912)
0x00007ffdbbf82812:   f8 07 7e ea 41 83 fe 07 7e 06 ff 15 d6 8b 01 00
0x00007ffdbbf82822:   8d 87 f5 fd ff ff 83 f8 01 0f 87 a0 04 00 00 b8
0x00007ffdbbf82832:   01 00 00 00 e9 98 04 00 00 48 8b c3 44 0f bf eb
0x00007ffdbbf82842:   48 c1 e8 10 83 be 70 03 00 00 00 44 0f bf f0 44
0x00007ffdbbf82852:   89 75 97 75 47 48 8b 86 58 03 00 00 48 8d 4d af
0x00007ffdbbf82862:   45 33 f6 48 89 45 b7 41 bc 02 00 00 00 4c 89 75
0x00007ffdbbf82872:   bf 44 89 65 b3 c7 45 af 18 00 00 00 ff 15 54 8c
0x00007ffdbbf82882:   01 00 41 8d 56 01 c7 86 70 03 00 00 01 00 00 00
0x00007ffdbbf82892:   48 8b ce e8 86 04 ff ff 44 8b 75 97 81 be 84 00
0x00007ffdbbf828a2:   00 00 03 40 03 00 75 4e 48 39 35 0f 69 04 00 0f
0x00007ffdbbf828b2:   85 ca fd ff ff 83 be 00 02 00 00 00 0f 85 bd fd
0x00007ffdbbf828c2:   ff ff 41 8b c5 2b 86 a0 03 00 00 66 0f 6e c8 41
0x00007ffdbbf828d2:   8b c6 2b 86 a4 03 00 00 f3 0f e6 c9 66 0f 6e d0
0x00007ffdbbf828e2:   f2 0f 58 8e f0 01 00 00 f3 0f e6 d2 f2 0f 58 96
0x00007ffdbbf828f2:   f8 01 00 00 eb 12 66 41 0f 6e cd 66 41 0f 6e d6
0x00007ffdbbf82902:   f3 0f e6 c9 f3 0f e6 d2 48 8b ce e8 1e 04 ff ff
0x00007ffdbbf82912:   44 89 ae a0 03 00 00 44 89 b6 a4 03 00 00 e9 ac
0x00007ffdbbf82922:   03 00 00 45 33 f6 33 d2 48 8b ce 44 89 b6 70 03
0x00007ffdbbf82932:   00 00 e8 e7 03 ff ff e9 93 03 00 00 49 c1 ef 10
0x00007ffdbbf82942:   0f 57 c9 41 0f bf c7 48 8b ce 66 0f 6e d0 f3 0f
0x00007ffdbbf82952:   e6 d2 f2 0f 5e 15 b4 45 03 00 e8 cf 05 ff ff e9
0x00007ffdbbf82962:   6b 03 00 00 49 c1 ef 10 0f 57 d2 41 0f bf c7 48
0x00007ffdbbf82972:   8b ce 66 0f 6e c8 f3 0f e6 c9 f2 0f 5e 0d 8c 45
0x00007ffdbbf82982:   03 00 0f 57 0d c5 45 03 00 e8 a0 05 ff ff e9 3c
0x00007ffdbbf82992:   03 00 00 83 be 74 03 00 00 00 0f 85 e3 fc ff ff
0x00007ffdbbf829a2:   81 be 84 00 00 00 03 40 03 00 0f 85 d3 fc ff ff
0x00007ffdbbf829b2:   48 8b ce e8 b6 ea ff ff e9 c6 fc ff ff 83 be 74
0x00007ffdbbf829c2:   03 00 00 00 0f 85 b9 fc ff ff 81 be 84 00 00 00
0x00007ffdbbf829d2:   03 40 03 00 0f 85 a9 fc ff ff 48 8b ce e8 9c e9
0x00007ffdbbf829e2:   ff ff e9 9c fc ff ff 83 7e 70 ff 0f 84 92 fc ff
0x00007ffdbbf829f2:   ff 83 7e 74 ff 0f 84 88 fc ff ff 4c 8b c3 41 8b
0x00007ffdbbf82a02:   d7 48 8b ce e8 a5 e0 ff ff b8 01 00 00 00 e9 be 


Stack slot to memory mapping:
stack at sp + 0 slots: 0x0000025770efa330 is an unknown value
stack at sp + 1 slots: 0x0000000000000001 is an unknown value
stack at sp + 2 slots: 0x000000cd8fbf61a8 is pointing into the stack for thread: 0x000002573e6713e0
stack at sp + 3 slots: 0x0 is NULL
stack at sp + 4 slots: 0x0 is NULL
stack at sp + 5 slots: 0x00007ffdcc21a1ab KERNELBASE.dll
stack at sp + 6 slots: 0x00007ffdcbe237b0 ucrtbase.dll
stack at sp + 7 slots: 0x00007ffdcea18d43 ntdll.dll


---------------  P R O C E S S  ---------------

Threads class SMR info:
_java_thread_list=0x000002575bbb9450, length=12, elements={
0x000002573e6713e0, 0x000002575aaf5a50, 0x000002575aaf6600, 0x000002575ab0cc70,
0x000002575ab0d620, 0x000002575ab0dfd0, 0x000002575ab0e980, 0x000002575ab0f710,
0x000002575ab21320, 0x000002575ab324d0, 0x000002575b5b1b30, 0x000002575b5c5d60
}

Java Threads: ( => current thread )
=>0x000002573e6713e0 JavaThread "main" [_thread_in_native, id=11952, stack(0x000000cd8fb00000,0x000000cd8fc00000)]
  0x000002575aaf5a50 JavaThread "Reference Handler" daemon [_thread_blocked, id=13532, stack(0x000000cd90200000,0x000000cd90300000)]
  0x000002575aaf6600 JavaThread "Finalizer" daemon [_thread_blocked, id=15212, stack(0x000000cd90300000,0x000000cd90400000)]
  0x000002575ab0cc70 JavaThread "Signal Dispatcher" daemon [_thread_blocked, id=9308, stack(0x000000cd90400000,0x000000cd90500000)]
  0x000002575ab0d620 JavaThread "Attach Listener" daemon [_thread_blocked, id=6132, stack(0x000000cd90500000,0x000000cd90600000)]
  0x000002575ab0dfd0 JavaThread "Service Thread" daemon [_thread_blocked, id=14524, stack(0x000000cd90600000,0x000000cd90700000)]
  0x000002575ab0e980 JavaThread "Monitor Deflation Thread" daemon [_thread_blocked, id=8976, stack(0x000000cd90700000,0x000000cd90800000)]
  0x000002575ab0f710 JavaThread "C2 CompilerThread0" daemon [_thread_blocked, id=12472, stack(0x000000cd90800000,0x000000cd90900000)]
  0x000002575ab21320 JavaThread "C1 CompilerThread0" daemon [_thread_blocked, id=18348, stack(0x000000cd90900000,0x000000cd90a00000)]
  0x000002575ab324d0 JavaThread "Sweeper thread" daemon [_thread_blocked, id=10476, stack(0x000000cd90a00000,0x000000cd90b00000)]
  0x000002575b5b1b30 JavaThread "Notification Thread" daemon [_thread_blocked, id=3652, stack(0x000000cd90b00000,0x000000cd90c00000)]
  0x000002575b5c5d60 JavaThread "Common-Cleaner" daemon [_thread_blocked, id=4696, stack(0x000000cd90d00000,0x000000cd90e00000)]

Other Threads:
  0x000002575aaef7a0 VMThread "VM Thread" [stack: 0x000000cd90100000,0x000000cd90200000] [id=14792]
  0x000002575b5b2810 WatcherThread [stack: 0x000000cd90c00000,0x000000cd90d00000] [id=20176]
  0x000002573e6a5a80 GCTaskThread "GC Thread#0" [stack: 0x000000cd8fc00000,0x000000cd8fd00000] [id=9796]
  0x000002575e55e0d0 GCTaskThread "GC Thread#1" [stack: 0x000000cd90e00000,0x000000cd90f00000] [id=19560]
  0x000002575e55eb90 GCTaskThread "GC Thread#2" [stack: 0x000000cd91200000,0x000000cd91300000] [id=12072]
  0x000002575e55ee40 GCTaskThread "GC Thread#3" [stack: 0x000000cd91300000,0x000000cd91400000] [id=8624]
  0x000002573e6d0060 ConcurrentGCThread "G1 Main Marker" [stack: 0x000000cd8fd00000,0x000000cd8fe00000] [id=15568]
  0x000002573e6d1a80 ConcurrentGCThread "G1 Conc#0" [stack: 0x000000cd8fe00000,0x000000cd8ff00000] [id=5316]
  0x000002575a9b08a0 ConcurrentGCThread "G1 Refine#0" [stack: 0x000000cd8ff00000,0x000000cd90000000] [id=20844]
  0x000002575a9b1160 ConcurrentGCThread "G1 Service" [stack: 0x000000cd90000000,0x000000cd90100000] [id=1232]

Threads with active compile tasks:

VM state: not at safepoint (normal execution)

VM Mutex/Monitor currently owned by a thread: None

Heap address: 0x00000000a1e00000, size: 1506 MB, Compressed Oops mode: 32-bit

CDS archive(s) mapped at: [0x0000000800000000-0x0000000800bc0000-0x0000000800bc0000), size 12320768, SharedBaseAddress: 0x0000000800000000, ArchiveRelocationMode: 0.
Compressed class space mapped at: 0x0000000800c00000-0x0000000840c00000, reserved size: 1073741824
Narrow klass base: 0x0000000800000000, Narrow klass shift: 0, Narrow klass range: 0x100000000

GC Precious Log:
 CPUs: 4 total, 4 available
 Memory: 6020M
 Large Page Support: Disabled
 NUMA Support: Disabled
 Compressed Oops: Enabled (32-bit)
 Heap Region Size: 1M
 Heap Min Capacity: 8M
 Heap Initial Capacity: 96M
 Heap Max Capacity: 1506M
 Pre-touch: Disabled
 Parallel Workers: 4
 Concurrent Workers: 1
 Concurrent Refinement Workers: 4
 Periodic GC: Disabled

Heap:
 garbage-first heap   total 98304K, used 5520K [0x00000000a1e00000, 0x0000000100000000)
  region size 1024K, 5 young (5120K), 2 survivors (2048K)
 Metaspace       used 4145K, committed 4288K, reserved 1056768K
  class space    used 244K, committed 320K, reserved 1048576K

Heap Regions: E=young(eden), S=young(survivor), O=old, HS=humongous(starts), HC=humongous(continues), CS=collection set, F=free, OA=open archive, CA=closed archive, TAMS=top-at-mark-start (previous, next)
|   0|0x00000000a1e00000, 0x00000000a1f00000, 0x00000000a1f00000|100%| O|  |TAMS 0x00000000a1e00000, 0x00000000a1e00000| Untracked 
|   1|0x00000000a1f00000, 0x00000000a1f64000, 0x00000000a2000000| 39%| O|  |TAMS 0x00000000a1f00000, 0x00000000a1f00000| Untracked 
|   2|0x00000000a2000000, 0x00000000a2000000, 0x00000000a2100000|  0%| F|  |TAMS 0x00000000a2000000, 0x00000000a2000000| Untracked 
|   3|0x00000000a2100000, 0x00000000a2100000, 0x00000000a2200000|  0%| F|  |TAMS 0x00000000a2100000, 0x00000000a2100000| Untracked 
|   4|0x00000000a2200000, 0x00000000a2200000, 0x00000000a2300000|  0%| F|  |TAMS 0x00000000a2200000, 0x00000000a2200000| Untracked 
|   5|0x00000000a2300000, 0x00000000a2300000, 0x00000000a2400000|  0%| F|  |TAMS 0x00000000a2300000, 0x00000000a2300000| Untracked 
|   6|0x00000000a2400000, 0x00000000a2400000, 0x00000000a2500000|  0%| F|  |TAMS 0x00000000a2400000, 0x00000000a2400000| Untracked 
|   7|0x00000000a2500000, 0x00000000a2500000, 0x00000000a2600000|  0%| F|  |TAMS 0x00000000a2500000, 0x00000000a2500000| Untracked 
|   8|0x00000000a2600000, 0x00000000a2600000, 0x00000000a2700000|  0%| F|  |TAMS 0x00000000a2600000, 0x00000000a2600000| Untracked 
|   9|0x00000000a2700000, 0x00000000a2700000, 0x00000000a2800000|  0%| F|  |TAMS 0x00000000a2700000, 0x00000000a2700000| Untracked 
|  10|0x00000000a2800000, 0x00000000a2800000, 0x00000000a2900000|  0%| F|  |TAMS 0x00000000a2800000, 0x00000000a2800000| Untracked 
|  11|0x00000000a2900000, 0x00000000a2900000, 0x00000000a2a00000|  0%| F|  |TAMS 0x00000000a2900000, 0x00000000a2900000| Untracked 
|  12|0x00000000a2a00000, 0x00000000a2a00000, 0x00000000a2b00000|  0%| F|  |TAMS 0x00000000a2a00000, 0x00000000a2a00000| Untracked 
|  13|0x00000000a2b00000, 0x00000000a2b00000, 0x00000000a2c00000|  0%| F|  |TAMS 0x00000000a2b00000, 0x00000000a2b00000| Untracked 
|  14|0x00000000a2c00000, 0x00000000a2c00000, 0x00000000a2d00000|  0%| F|  |TAMS 0x00000000a2c00000, 0x00000000a2c00000| Untracked 
|  15|0x00000000a2d00000, 0x00000000a2d00000, 0x00000000a2e00000|  0%| F|  |TAMS 0x00000000a2d00000, 0x00000000a2d00000| Untracked 
|  16|0x00000000a2e00000, 0x00000000a2e00000, 0x00000000a2f00000|  0%| F|  |TAMS 0x00000000a2e00000, 0x00000000a2e00000| Untracked 
|  17|0x00000000a2f00000, 0x00000000a2f00000, 0x00000000a3000000|  0%| F|  |TAMS 0x00000000a2f00000, 0x00000000a2f00000| Untracked 
|  18|0x00000000a3000000, 0x00000000a3000000, 0x00000000a3100000|  0%| F|  |TAMS 0x00000000a3000000, 0x00000000a3000000| Untracked 
|  19|0x00000000a3100000, 0x00000000a3100000, 0x00000000a3200000|  0%| F|  |TAMS 0x00000000a3100000, 0x00000000a3100000| Untracked 
|  20|0x00000000a3200000, 0x00000000a3200000, 0x00000000a3300000|  0%| F|  |TAMS 0x00000000a3200000, 0x00000000a3200000| Untracked 
|  21|0x00000000a3300000, 0x00000000a3300000, 0x00000000a3400000|  0%| F|  |TAMS 0x00000000a3300000, 0x00000000a3300000| Untracked 
|  22|0x00000000a3400000, 0x00000000a3400000, 0x00000000a3500000|  0%| F|  |TAMS 0x00000000a3400000, 0x00000000a3400000| Untracked 
|  23|0x00000000a3500000, 0x00000000a3500000, 0x00000000a3600000|  0%| F|  |TAMS 0x00000000a3500000, 0x00000000a3500000| Untracked 
|  24|0x00000000a3600000, 0x00000000a3600000, 0x00000000a3700000|  0%| F|  |TAMS 0x00000000a3600000, 0x00000000a3600000| Untracked 
|  25|0x00000000a3700000, 0x00000000a3700000, 0x00000000a3800000|  0%| F|  |TAMS 0x00000000a3700000, 0x00000000a3700000| Untracked 
|  26|0x00000000a3800000, 0x00000000a3800000, 0x00000000a3900000|  0%| F|  |TAMS 0x00000000a3800000, 0x00000000a3800000| Untracked 
|  27|0x00000000a3900000, 0x00000000a3900000, 0x00000000a3a00000|  0%| F|  |TAMS 0x00000000a3900000, 0x00000000a3900000| Untracked 
|  28|0x00000000a3a00000, 0x00000000a3a00000, 0x00000000a3b00000|  0%| F|  |TAMS 0x00000000a3a00000, 0x00000000a3a00000| Untracked 
|  29|0x00000000a3b00000, 0x00000000a3b00000, 0x00000000a3c00000|  0%| F|  |TAMS 0x00000000a3b00000, 0x00000000a3b00000| Untracked 
|  30|0x00000000a3c00000, 0x00000000a3c00000, 0x00000000a3d00000|  0%| F|  |TAMS 0x00000000a3c00000, 0x00000000a3c00000| Untracked 
|  31|0x00000000a3d00000, 0x00000000a3d00000, 0x00000000a3e00000|  0%| F|  |TAMS 0x00000000a3d00000, 0x00000000a3d00000| Untracked 
|  32|0x00000000a3e00000, 0x00000000a3e00000, 0x00000000a3f00000|  0%| F|  |TAMS 0x00000000a3e00000, 0x00000000a3e00000| Untracked 
|  33|0x00000000a3f00000, 0x00000000a3f00000, 0x00000000a4000000|  0%| F|  |TAMS 0x00000000a3f00000, 0x00000000a3f00000| Untracked 
|  34|0x00000000a4000000, 0x00000000a4000000, 0x00000000a4100000|  0%| F|  |TAMS 0x00000000a4000000, 0x00000000a4000000| Untracked 
|  35|0x00000000a4100000, 0x00000000a4100000, 0x00000000a4200000|  0%| F|  |TAMS 0x00000000a4100000, 0x00000000a4100000| Untracked 
|  36|0x00000000a4200000, 0x00000000a4200000, 0x00000000a4300000|  0%| F|  |TAMS 0x00000000a4200000, 0x00000000a4200000| Untracked 
|  37|0x00000000a4300000, 0x00000000a4300000, 0x00000000a4400000|  0%| F|  |TAMS 0x00000000a4300000, 0x00000000a4300000| Untracked 
|  38|0x00000000a4400000, 0x00000000a4400000, 0x00000000a4500000|  0%| F|  |TAMS 0x00000000a4400000, 0x00000000a4400000| Untracked 
|  39|0x00000000a4500000, 0x00000000a4500000, 0x00000000a4600000|  0%| F|  |TAMS 0x00000000a4500000, 0x00000000a4500000| Untracked 
|  40|0x00000000a4600000, 0x00000000a4600000, 0x00000000a4700000|  0%| F|  |TAMS 0x00000000a4600000, 0x00000000a4600000| Untracked 
|  41|0x00000000a4700000, 0x00000000a4700000, 0x00000000a4800000|  0%| F|  |TAMS 0x00000000a4700000, 0x00000000a4700000| Untracked 
|  42|0x00000000a4800000, 0x00000000a4800000, 0x00000000a4900000|  0%| F|  |TAMS 0x00000000a4800000, 0x00000000a4800000| Untracked 
|  43|0x00000000a4900000, 0x00000000a4900000, 0x00000000a4a00000|  0%| F|  |TAMS 0x00000000a4900000, 0x00000000a4900000| Untracked 
|  44|0x00000000a4a00000, 0x00000000a4a00000, 0x00000000a4b00000|  0%| F|  |TAMS 0x00000000a4a00000, 0x00000000a4a00000| Untracked 
|  45|0x00000000a4b00000, 0x00000000a4b00000, 0x00000000a4c00000|  0%| F|  |TAMS 0x00000000a4b00000, 0x00000000a4b00000| Untracked 
|  46|0x00000000a4c00000, 0x00000000a4c00000, 0x00000000a4d00000|  0%| F|  |TAMS 0x00000000a4c00000, 0x00000000a4c00000| Untracked 
|  47|0x00000000a4d00000, 0x00000000a4d00000, 0x00000000a4e00000|  0%| F|  |TAMS 0x00000000a4d00000, 0x00000000a4d00000| Untracked 
|  48|0x00000000a4e00000, 0x00000000a4e00000, 0x00000000a4f00000|  0%| F|  |TAMS 0x00000000a4e00000, 0x00000000a4e00000| Untracked 
|  49|0x00000000a4f00000, 0x00000000a4f00000, 0x00000000a5000000|  0%| F|  |TAMS 0x00000000a4f00000, 0x00000000a4f00000| Untracked 
|  50|0x00000000a5000000, 0x00000000a5000000, 0x00000000a5100000|  0%| F|  |TAMS 0x00000000a5000000, 0x00000000a5000000| Untracked 
|  51|0x00000000a5100000, 0x00000000a5100000, 0x00000000a5200000|  0%| F|  |TAMS 0x00000000a5100000, 0x00000000a5100000| Untracked 
|  52|0x00000000a5200000, 0x00000000a5200000, 0x00000000a5300000|  0%| F|  |TAMS 0x00000000a5200000, 0x00000000a5200000| Untracked 
|  53|0x00000000a5300000, 0x00000000a5300000, 0x00000000a5400000|  0%| F|  |TAMS 0x00000000a5300000, 0x00000000a5300000| Untracked 
|  54|0x00000000a5400000, 0x00000000a5400000, 0x00000000a5500000|  0%| F|  |TAMS 0x00000000a5400000, 0x00000000a5400000| Untracked 
|  55|0x00000000a5500000, 0x00000000a5500000, 0x00000000a5600000|  0%| F|  |TAMS 0x00000000a5500000, 0x00000000a5500000| Untracked 
|  56|0x00000000a5600000, 0x00000000a5600000, 0x00000000a5700000|  0%| F|  |TAMS 0x00000000a5600000, 0x00000000a5600000| Untracked 
|  57|0x00000000a5700000, 0x00000000a5700000, 0x00000000a5800000|  0%| F|  |TAMS 0x00000000a5700000, 0x00000000a5700000| Untracked 
|  58|0x00000000a5800000, 0x00000000a5800000, 0x00000000a5900000|  0%| F|  |TAMS 0x00000000a5800000, 0x00000000a5800000| Untracked 
|  59|0x00000000a5900000, 0x00000000a5900000, 0x00000000a5a00000|  0%| F|  |TAMS 0x00000000a5900000, 0x00000000a5900000| Untracked 
|  60|0x00000000a5a00000, 0x00000000a5a00000, 0x00000000a5b00000|  0%| F|  |TAMS 0x00000000a5a00000, 0x00000000a5a00000| Untracked 
|  61|0x00000000a5b00000, 0x00000000a5b00000, 0x00000000a5c00000|  0%| F|  |TAMS 0x00000000a5b00000, 0x00000000a5b00000| Untracked 
|  62|0x00000000a5c00000, 0x00000000a5c00000, 0x00000000a5d00000|  0%| F|  |TAMS 0x00000000a5c00000, 0x00000000a5c00000| Untracked 
|  63|0x00000000a5d00000, 0x00000000a5d00000, 0x00000000a5e00000|  0%| F|  |TAMS 0x00000000a5d00000, 0x00000000a5d00000| Untracked 
|  64|0x00000000a5e00000, 0x00000000a5e00000, 0x00000000a5f00000|  0%| F|  |TAMS 0x00000000a5e00000, 0x00000000a5e00000| Untracked 
|  65|0x00000000a5f00000, 0x00000000a5f00000, 0x00000000a6000000|  0%| F|  |TAMS 0x00000000a5f00000, 0x00000000a5f00000| Untracked 
|  66|0x00000000a6000000, 0x00000000a6000000, 0x00000000a6100000|  0%| F|  |TAMS 0x00000000a6000000, 0x00000000a6000000| Untracked 
|  67|0x00000000a6100000, 0x00000000a6100000, 0x00000000a6200000|  0%| F|  |TAMS 0x00000000a6100000, 0x00000000a6100000| Untracked 
|  68|0x00000000a6200000, 0x00000000a6200000, 0x00000000a6300000|  0%| F|  |TAMS 0x00000000a6200000, 0x00000000a6200000| Untracked 
|  69|0x00000000a6300000, 0x00000000a6300000, 0x00000000a6400000|  0%| F|  |TAMS 0x00000000a6300000, 0x00000000a6300000| Untracked 
|  70|0x00000000a6400000, 0x00000000a6400000, 0x00000000a6500000|  0%| F|  |TAMS 0x00000000a6400000, 0x00000000a6400000| Untracked 
|  71|0x00000000a6500000, 0x00000000a6500000, 0x00000000a6600000|  0%| F|  |TAMS 0x00000000a6500000, 0x00000000a6500000| Untracked 
|  72|0x00000000a6600000, 0x00000000a6600000, 0x00000000a6700000|  0%| F|  |TAMS 0x00000000a6600000, 0x00000000a6600000| Untracked 
|  73|0x00000000a6700000, 0x00000000a6700000, 0x00000000a6800000|  0%| F|  |TAMS 0x00000000a6700000, 0x00000000a6700000| Untracked 
|  74|0x00000000a6800000, 0x00000000a6800000, 0x00000000a6900000|  0%| F|  |TAMS 0x00000000a6800000, 0x00000000a6800000| Untracked 
|  75|0x00000000a6900000, 0x00000000a6900000, 0x00000000a6a00000|  0%| F|  |TAMS 0x00000000a6900000, 0x00000000a6900000| Untracked 
|  76|0x00000000a6a00000, 0x00000000a6a00000, 0x00000000a6b00000|  0%| F|  |TAMS 0x00000000a6a00000, 0x00000000a6a00000| Untracked 
|  77|0x00000000a6b00000, 0x00000000a6b00000, 0x00000000a6c00000|  0%| F|  |TAMS 0x00000000a6b00000, 0x00000000a6b00000| Untracked 
|  78|0x00000000a6c00000, 0x00000000a6c00000, 0x00000000a6d00000|  0%| F|  |TAMS 0x00000000a6c00000, 0x00000000a6c00000| Untracked 
|  79|0x00000000a6d00000, 0x00000000a6d00000, 0x00000000a6e00000|  0%| F|  |TAMS 0x00000000a6d00000, 0x00000000a6d00000| Untracked 
|  80|0x00000000a6e00000, 0x00000000a6e00000, 0x00000000a6f00000|  0%| F|  |TAMS 0x00000000a6e00000, 0x00000000a6e00000| Untracked 
|  81|0x00000000a6f00000, 0x00000000a7000000, 0x00000000a7000000|100%| S|CS|TAMS 0x00000000a6f00000, 0x00000000a6f00000| Complete 
|  82|0x00000000a7000000, 0x00000000a7100000, 0x00000000a7100000|100%| S|CS|TAMS 0x00000000a7000000, 0x00000000a7000000| Complete 
|  83|0x00000000a7100000, 0x00000000a7100000, 0x00000000a7200000|  0%| F|  |TAMS 0x00000000a7100000, 0x00000000a7100000| Untracked 
|  84|0x00000000a7200000, 0x00000000a7200000, 0x00000000a7300000|  0%| F|  |TAMS 0x00000000a7200000, 0x00000000a7200000| Untracked 
|  85|0x00000000a7300000, 0x00000000a7300000, 0x00000000a7400000|  0%| F|  |TAMS 0x00000000a7300000, 0x00000000a7300000| Untracked 
|  86|0x00000000a7400000, 0x00000000a7400000, 0x00000000a7500000|  0%| F|  |TAMS 0x00000000a7400000, 0x00000000a7400000| Untracked 
|  87|0x00000000a7500000, 0x00000000a7500000, 0x00000000a7600000|  0%| F|  |TAMS 0x00000000a7500000, 0x00000000a7500000| Untracked 
|  88|0x00000000a7600000, 0x00000000a7600000, 0x00000000a7700000|  0%| F|  |TAMS 0x00000000a7600000, 0x00000000a7600000| Untracked 
|  89|0x00000000a7700000, 0x00000000a7700000, 0x00000000a7800000|  0%| F|  |TAMS 0x00000000a7700000, 0x00000000a7700000| Untracked 
|  90|0x00000000a7800000, 0x00000000a7800000, 0x00000000a7900000|  0%| F|  |TAMS 0x00000000a7800000, 0x00000000a7800000| Untracked 
|  91|0x00000000a7900000, 0x00000000a7900000, 0x00000000a7a00000|  0%| F|  |TAMS 0x00000000a7900000, 0x00000000a7900000| Untracked 
|  92|0x00000000a7a00000, 0x00000000a7a00000, 0x00000000a7b00000|  0%| F|  |TAMS 0x00000000a7a00000, 0x00000000a7a00000| Untracked 
|  93|0x00000000a7b00000, 0x00000000a7b97110, 0x00000000a7c00000| 59%| E|  |TAMS 0x00000000a7b00000, 0x00000000a7b00000| Complete 
|  94|0x00000000a7c00000, 0x00000000a7d00000, 0x00000000a7d00000|100%| E|CS|TAMS 0x00000000a7c00000, 0x00000000a7c00000| Complete 
|  95|0x00000000a7d00000, 0x00000000a7e00000, 0x00000000a7e00000|100%| E|CS|TAMS 0x00000000a7d00000, 0x00000000a7d00000| Complete 

Card table byte_map: [0x0000025755150000,0x0000025755450000] _byte_map_base: 0x0000025754c41000

Marking Bits (Prev, Next): (CMBitMap*) 0x000002573e6a6090, (CMBitMap*) 0x000002573e6a60d0
 Prev Bits: [0x0000025755750000, 0x0000025756ed8000)
 Next Bits: [0x0000025756ee0000, 0x0000025758668000)

Polling page: 0x000002573c4a0000

Metaspace:

Usage:
  Non-class:      3.81 MB used.
      Class:    244.48 KB used.
       Both:      4.05 MB used.

Virtual space:
  Non-class space:        8.00 MB reserved,       3.88 MB ( 48%) committed,  1 nodes.
      Class space:        1.00 GB reserved,     320.00 KB ( <1%) committed,  1 nodes.
             Both:        1.01 GB reserved,       4.19 MB ( <1%) committed. 

Chunk freelists:
   Non-Class:  1.65 MB
       Class:  3.58 MB
        Both:  5.23 MB

MaxMetaspaceSize: unlimited
CompressedClassSpaceSize: 1.00 GB
Initial GC threshold: 21.00 MB
Current GC threshold: 21.00 MB
CDS: on
MetaspaceReclaimPolicy: balanced
 - commit_granule_bytes: 65536.
 - commit_granule_words: 8192.
 - virtual_space_node_default_size: 1048576.
 - enlarge_chunks_in_place: 1.
 - new_chunks_are_fully_committed: 0.
 - uncommit_free_chunks: 1.
 - use_allocation_guard: 0.
 - handle_deallocations: 1.


Internal statistics:

num_allocs_failed_limit: 0.
num_arena_births: 120.
num_arena_deaths: 0.
num_vsnodes_births: 2.
num_vsnodes_deaths: 0.
num_space_committed: 65.
num_space_uncommitted: 0.
num_chunks_returned_to_freelist: 0.
num_chunks_taken_from_freelist: 229.
num_chunk_merges: 0.
num_chunk_splits: 150.
num_chunks_enlarged: 106.
num_purges: 0.
num_inconsistent_stats: 0.

CodeHeap 'non-profiled nmethods': size=120000Kb used=327Kb max_used=327Kb free=119672Kb
 bounds [0x000002574d920000, 0x000002574db90000, 0x0000025754e50000]
CodeHeap 'profiled nmethods': size=120000Kb used=1534Kb max_used=1534Kb free=118466Kb
 bounds [0x00000257463f0000, 0x0000025746660000, 0x000002574d920000]
CodeHeap 'non-nmethods': size=5760Kb used=1552Kb max_used=1565Kb free=4207Kb
 bounds [0x0000025745e50000, 0x00000257460c0000, 0x00000257463f0000]
 total_blobs=1918 nmethods=951 adapters=880
 compilation: enabled
              stopped_count=0, restarted_count=0
 full_count=0

Compilation events (20 events):
Event: 8.126 Thread 0x000002575ab21320  940       3       jdk.internal.org.objectweb.asm.Type::getTypeInternal (199 bytes)
Event: 8.127 Thread 0x000002575ab21320 nmethod 940 0x0000025746567790 code [0x0000025746567a40, 0x0000025746568908]
Event: 8.129 Thread 0x000002575ab21320  941       1       java.lang.invoke.MethodHandles$Lookup::previousLookupClass (5 bytes)
Event: 8.129 Thread 0x000002575ab21320 nmethod 941 0x000002574d971390 code [0x000002574d971520, 0x000002574d9715f8]
Event: 8.129 Thread 0x000002575ab21320  942       3       jdk.internal.org.objectweb.asm.Attribute::computeAttributesSize (62 bytes)
Event: 8.130 Thread 0x000002575ab21320 nmethod 942 0x0000025746568d10 code [0x0000025746568ee0, 0x0000025746569208]
Event: 8.130 Thread 0x000002575ab21320  943       3       jdk.internal.org.objectweb.asm.AnnotationWriter::computeAnnotationsSize (66 bytes)
Event: 8.130 Thread 0x000002575ab21320 nmethod 943 0x0000025746569390 code [0x0000025746569560, 0x0000025746569898]
Event: 8.130 Thread 0x000002575ab21320  944       3       jdk.internal.org.objectweb.asm.Attribute::putAttributes (78 bytes)
Event: 8.131 Thread 0x000002575ab21320 nmethod 944 0x0000025746569a90 code [0x0000025746569ce0, 0x000002574656a218]
Event: 8.131 Thread 0x000002575ab21320  945       3       java.util.WeakHashMap::put (160 bytes)
Event: 8.133 Thread 0x000002575ab21320 nmethod 945 0x000002574656a510 code [0x000002574656a7a0, 0x000002574656b7e8]
Event: 8.141 Thread 0x000002575ab21320  947   !   3       jdk.internal.loader.URLClassPath$FileLoader::getResource (164 bytes)
Event: 8.144 Thread 0x000002575ab21320 nmethod 947 0x000002574656bd10 code [0x000002574656c060, 0x000002574656d408]
Event: 8.144 Thread 0x000002575ab21320  948       3       java.io.File::<init> (111 bytes)
Event: 8.145 Thread 0x000002575ab21320 nmethod 948 0x000002574656dd10 code [0x000002574656dfc0, 0x000002574656ea08]
Event: 8.145 Thread 0x000002575ab21320  949  s    3       jdk.internal.loader.Resource::cachedInputStream (20 bytes)
Event: 8.145 Thread 0x000002575ab21320 nmethod 949 0x000002574656ed90 code [0x000002574656ef40, 0x000002574656f268]
Event: 8.145 Thread 0x000002575ab21320  950       3       java.lang.System$2::findBootstrapClassOrNull (5 bytes)
Event: 8.146 Thread 0x000002575ab21320 nmethod 950 0x000002574656f310 code [0x000002574656f4c0, 0x000002574656f6d8]

GC Heap History (2 events):
Event: 2.830 GC heap before
{Heap before GC invocations=0 (full 0):
 garbage-first heap   total 98304K, used 13312K [0x00000000a1e00000, 0x0000000100000000)
  region size 1024K, 13 young (13312K), 0 survivors (0K)
 Metaspace       used 3784K, committed 3968K, reserved 1056768K
  class space    used 224K, committed 320K, reserved 1048576K
}
Event: 2.879 GC heap after
{Heap after GC invocations=1 (full 0):
 garbage-first heap   total 98304K, used 3472K [0x00000000a1e00000, 0x0000000100000000)
  region size 1024K, 2 young (2048K), 2 survivors (2048K)
 Metaspace       used 3784K, committed 3968K, reserved 1056768K
  class space    used 224K, committed 320K, reserved 1048576K
}

Deoptimization events (20 events):
Event: 0.985 Thread 0x000002573e6713e0 Uncommon trap: trap_request=0xffffff45 fr.pc=0x000002574d937564 relative=0x0000000000000064
Event: 0.985 Thread 0x000002573e6713e0 Uncommon trap: reason=unstable_if action=reinterpret pc=0x000002574d937564 method=java.io.WinNTFileSystem.isSlash(C)Z @ 9 c2
Event: 0.985 Thread 0x000002573e6713e0 DEOPT PACKING pc=0x000002574d937564 sp=0x000000cd8fbfba00
Event: 0.985 Thread 0x000002573e6713e0 DEOPT UNPACKING pc=0x0000025745ea23a3 sp=0x000000cd8fbfb988 mode 2
Event: 1.051 Thread 0x000002573e6713e0 Uncommon trap: trap_request=0xffffff45 fr.pc=0x000002574d93a640 relative=0x0000000000000040
Event: 1.051 Thread 0x000002573e6713e0 Uncommon trap: reason=unstable_if action=reinterpret pc=0x000002574d93a640 method=sun.nio.fs.WindowsPathParser.isSlash(C)Z @ 9 c2
Event: 1.051 Thread 0x000002573e6713e0 DEOPT PACKING pc=0x000002574d93a640 sp=0x000000cd8fbfbb70
Event: 1.051 Thread 0x000002573e6713e0 DEOPT UNPACKING pc=0x0000025745ea23a3 sp=0x000000cd8fbfbaf8 mode 2
Event: 1.126 Thread 0x000002573e6713e0 DEOPT PACKING pc=0x000002574640dde5 sp=0x000000cd8fbf81e0
Event: 1.130 Thread 0x000002573e6713e0 DEOPT UNPACKING pc=0x0000025745ea2b43 sp=0x000000cd8fbf7630 mode 0
Event: 2.599 Thread 0x000002573e6713e0 Uncommon trap: trap_request=0xffffffde fr.pc=0x000002574d9556e8 relative=0x0000000000000428
Event: 2.599 Thread 0x000002573e6713e0 Uncommon trap: reason=class_check action=maybe_recompile pc=0x000002574d9556e8 method=java.util.HashMap.getNode(Ljava/lang/Object;)Ljava/util/HashMap$Node; @ 128 c2
Event: 2.599 Thread 0x000002573e6713e0 DEOPT PACKING pc=0x000002574d9556e8 sp=0x000000cd8fbfe090
Event: 2.599 Thread 0x000002573e6713e0 DEOPT UNPACKING pc=0x0000025745ea23a3 sp=0x000000cd8fbfdfa8 mode 2
Event: 3.397 Thread 0x000002573e6713e0 DEOPT PACKING pc=0x000002574643e3be sp=0x000000cd8fbfce40
Event: 3.397 Thread 0x000002573e6713e0 DEOPT UNPACKING pc=0x0000025745ea2b43 sp=0x000000cd8fbfc2b8 mode 0
Event: 8.059 Thread 0x000002573e6713e0 Uncommon trap: trap_request=0xffffff45 fr.pc=0x000002574d96c9f8 relative=0x00000000000000d8
Event: 8.059 Thread 0x000002573e6713e0 Uncommon trap: reason=unstable_if action=reinterpret pc=0x000002574d96c9f8 method=java.util.HashMap.hash(Ljava/lang/Object;)I @ 1 c2
Event: 8.059 Thread 0x000002573e6713e0 DEOPT PACKING pc=0x000002574d96c9f8 sp=0x000000cd8fbf5690
Event: 8.059 Thread 0x000002573e6713e0 DEOPT UNPACKING pc=0x0000025745ea23a3 sp=0x000000cd8fbf55b8 mode 2

Classes unloaded (0 events):
No events

Classes redefined (0 events):
No events

Internal exceptions (20 events):
Event: 1.053 Thread 0x000002573e6713e0 Exception <a 'sun/nio/fs/WindowsException'{0x00000000a769f718}> (0x00000000a769f718) 
thrown [t:\workspace\open\src\hotspot\share\prims\jni.cpp, line 516]
Event: 1.063 Thread 0x000002573e6713e0 Exception <a 'sun/nio/fs/WindowsException'{0x00000000a769fc68}> (0x00000000a769fc68) 
thrown [t:\workspace\open\src\hotspot\share\prims\jni.cpp, line 516]
Event: 1.172 Thread 0x000002573e6713e0 Exception <a 'java/lang/NoSuchMethodError'{0x00000000a76f44f0}: 'int java.lang.invoke.DirectMethodHandle$Holder.invokeStaticInit(java.lang.Object, java.lang.Object, int, long)'> (0x00000000a76f44f0) 
thrown [t:\workspace\open\src\hotspot\share\interpreter\linkResolver.cpp, line 766]
Event: 1.175 Thread 0x000002573e6713e0 Exception <a 'java/lang/NoSuchMethodError'{0x00000000a76f9db8}: 'java.lang.Object java.lang.invoke.DirectMethodHandle$Holder.newInvokeSpecial(java.lang.Object, java.lang.Object, int)'> (0x00000000a76f9db8) 
thrown [t:\workspace\open\src\hotspot\share\interpreter\linkResolver.cpp, line 766]
Event: 1.196 Thread 0x000002573e6713e0 Exception <a 'java/lang/NoSuchMethodError'{0x00000000a750efc8}: 'int java.lang.invoke.DirectMethodHandle$Holder.invokeStaticInit(java.lang.Object, java.lang.Object, long, long)'> (0x00000000a750efc8) 
thrown [t:\workspace\open\src\hotspot\share\interpreter\linkResolver.cpp, line 766]
Event: 1.198 Thread 0x000002573e6713e0 Exception <a 'java/lang/NoSuchMethodError'{0x00000000a7514d50}: 'java.lang.Object java.lang.invoke.DirectMethodHandle$Holder.newInvokeSpecial(java.lang.Object, java.lang.Object, long)'> (0x00000000a7514d50) 
thrown [t:\workspace\open\src\hotspot\share\interpreter\linkResolver.cpp, line 766]
Event: 1.205 Thread 0x000002573e6713e0 Exception <a 'java/lang/NoSuchMethodError'{0x00000000a7518618}: 'java.lang.Object java.lang.invoke.Invokers$Holder.linkToTargetMethod(java.lang.Object, long, java.lang.Object)'> (0x00000000a7518618) 
thrown [t:\workspace\open\src\hotspot\share\interpreter\linkResolver.cpp, line 766]
Event: 1.209 Thread 0x000002573e6713e0 Exception <a 'java/lang/NoSuchMethodError'{0x00000000a751fc18}: 'int java.lang.invoke.DirectMethodHandle$Holder.invokeStaticInit(java.lang.Object, java.lang.Object, java.lang.Object, long)'> (0x00000000a751fc18) 
thrown [t:\workspace\open\src\hotspot\share\interpreter\linkResolver.cpp, line 766]
Event: 1.297 Thread 0x000002573e6713e0 Exception <a 'sun/nio/fs/WindowsException'{0x00000000a75d82a0}> (0x00000000a75d82a0) 
thrown [t:\workspace\open\src\hotspot\share\prims\jni.cpp, line 516]
Event: 1.297 Thread 0x000002573e6713e0 Exception <a 'sun/nio/fs/WindowsException'{0x00000000a75d8630}> (0x00000000a75d8630) 
thrown [t:\workspace\open\src\hotspot\share\prims\jni.cpp, line 516]
Event: 1.427 Thread 0x000002573e6713e0 Exception <a 'sun/nio/fs/WindowsException'{0x00000000a7498fb8}> (0x00000000a7498fb8) 
thrown [t:\workspace\open\src\hotspot\share\prims\jni.cpp, line 516]
Event: 1.428 Thread 0x000002573e6713e0 Exception <a 'sun/nio/fs/WindowsException'{0x00000000a7499318}> (0x00000000a7499318) 
thrown [t:\workspace\open\src\hotspot\share\prims\jni.cpp, line 516]
Event: 2.500 Thread 0x000002573e6713e0 Exception <a 'java/lang/NoSuchMethodError'{0x00000000a74c1d50}: 'void java.lang.invoke.DirectMethodHandle$Holder.invokeStaticInit(java.lang.Object, long, double, double)'> (0x00000000a74c1d50) 
thrown [t:\workspace\open\src\hotspot\share\interpreter\linkResolver.cpp, line 766]
Event: 2.504 Thread 0x000002573e6713e0 Exception <a 'java/lang/NoSuchMethodError'{0x00000000a74d2e40}: 'void java.lang.invoke.DirectMethodHandle$Holder.invokeStaticInit(java.lang.Object, long, int, int, int)'> (0x00000000a74d2e40) 
thrown [t:\workspace\open\src\hotspot\share\interpreter\linkResolver.cpp, line 766]
Event: 2.510 Thread 0x000002573e6713e0 Exception <a 'java/lang/NoSuchMethodError'{0x00000000a74ef598}: 'void java.lang.invoke.DirectMethodHandle$Holder.invokeStaticInit(java.lang.Object, long, int, int, int, int)'> (0x00000000a74ef598) 
thrown [t:\workspace\open\src\hotspot\share\interpreter\linkResolver.cpp, line 766]
Event: 2.611 Thread 0x000002573e6713e0 Exception <a 'sun/nio/fs/WindowsException'{0x00000000a7335e48}> (0x00000000a7335e48) 
thrown [t:\workspace\open\src\hotspot\share\prims\jni.cpp, line 516]
Event: 2.611 Thread 0x000002573e6713e0 Exception <a 'sun/nio/fs/WindowsException'{0x00000000a73361f0}> (0x00000000a73361f0) 
thrown [t:\workspace\open\src\hotspot\share\prims\jni.cpp, line 516]
Event: 2.618 Thread 0x000002573e6713e0 Exception <a 'sun/nio/fs/WindowsException'{0x00000000a73456a8}> (0x00000000a73456a8) 
thrown [t:\workspace\open\src\hotspot\share\prims\jni.cpp, line 516]
Event: 2.618 Thread 0x000002573e6713e0 Exception <a 'sun/nio/fs/WindowsException'{0x00000000a7345988}> (0x00000000a7345988) 
thrown [t:\workspace\open\src\hotspot\share\prims\jni.cpp, line 516]
Event: 8.059 Thread 0x000002573e6713e0 Implicit null exception at 0x000002574d96c958 to 0x000002574d96c9ee

VM Operations (14 events):
Event: 0.520 Executing VM operation: HandshakeAllThreads
Event: 0.520 Executing VM operation: HandshakeAllThreads done
Event: 0.898 Executing VM operation: HandshakeAllThreads
Event: 0.898 Executing VM operation: HandshakeAllThreads done
Event: 0.985 Executing VM operation: HandshakeAllThreads
Event: 0.985 Executing VM operation: HandshakeAllThreads done
Event: 1.990 Executing VM operation: Cleanup
Event: 1.991 Executing VM operation: Cleanup done
Event: 2.830 Executing VM operation: G1CollectForAllocation
Event: 2.879 Executing VM operation: G1CollectForAllocation done
Event: 3.890 Executing VM operation: Cleanup
Event: 3.890 Executing VM operation: Cleanup done
Event: 4.902 Executing VM operation: Cleanup
Event: 4.902 Executing VM operation: Cleanup done

Events (20 events):
Event: 2.641 loading class jdk/internal/module/ModulePatcher$PatchedModuleReader done
Event: 2.641 loading class sun/net/www/protocol/jrt/Handler
Event: 2.641 loading class sun/net/www/protocol/jrt/Handler done
Event: 2.651 loading class sun/util/resources/LocaleData$CommonResourceBundleProvider
Event: 2.652 loading class sun/util/resources/LocaleData$LocaleDataResourceBundleProvider
Event: 2.652 loading class java/util/spi/ResourceBundleProvider
Event: 2.652 loading class java/util/spi/ResourceBundleProvider done
Event: 2.652 loading class sun/util/resources/LocaleData$LocaleDataResourceBundleProvider done
Event: 2.652 loading class sun/util/resources/LocaleData$CommonResourceBundleProvider done
Event: 2.653 loading class java/util/ArrayList$SubList$1
Event: 2.653 loading class java/util/ArrayList$SubList$1 done
Event: 2.654 loading class sun/text/resources/cldr/FormatData_en
Event: 2.654 loading class sun/text/resources/cldr/FormatData_en done
Event: 2.654 loading class sun/util/resources/Bundles$2
Event: 2.654 loading class sun/util/resources/Bundles$2 done
Event: 2.785 loading class java/lang/AssertionError
Event: 2.785 loading class java/lang/AssertionError done
Event: 8.042 loading class java/io/Externalizable
Event: 8.042 loading class java/io/Externalizable done
Event: 8.049 Loaded shared library C:\Users\salva\.jdks\openjdk-17\bin\verify.dll


Dynamic libraries:
0x00007ff7f97f0000 - 0x00007ff7f97fe000 	C:\Users\salva\.jdks\openjdk-17\bin\java.exe
0x00007ffdce9f0000 - 0x00007ffdcec04000 	C:\WINDOWS\SYSTEM32\ntdll.dll
0x00007ffdce030000 - 0x00007ffdce0f3000 	C:\WINDOWS\System32\KERNEL32.DLL
0x00007ffdcc1d0000 - 0x00007ffdcc56d000 	C:\WINDOWS\System32\KERNELBASE.dll
0x00007ffdcbe10000 - 0x00007ffdcbf21000 	C:\WINDOWS\System32\ucrtbase.dll
0x00007ffdbe0a0000 - 0x00007ffdbe0ba000 	C:\Users\salva\.jdks\openjdk-17\bin\VCRUNTIME140.dll
0x00007ffdbe2d0000 - 0x00007ffdbe2e8000 	C:\Users\salva\.jdks\openjdk-17\bin\jli.dll
0x00007ffdcc7e0000 - 0x00007ffdcc98d000 	C:\WINDOWS\System32\USER32.dll
0x00007ffdcc730000 - 0x00007ffdcc756000 	C:\WINDOWS\System32\win32u.dll
0x00007ffdce180000 - 0x00007ffdce1a9000 	C:\WINDOWS\System32\GDI32.dll
0x00007ffdcc610000 - 0x00007ffdcc722000 	C:\WINDOWS\System32\gdi32full.dll
0x00007ffdba370000 - 0x00007ffdba5fe000 	C:\WINDOWS\WinSxS\amd64_microsoft.windows.common-controls_6595b64144ccf1df_6.0.22621.608_none_a9444ca7c10bb01d\COMCTL32.dll
0x00007ffdce350000 - 0x00007ffdce3f7000 	C:\WINDOWS\System32\msvcrt.dll
0x00007ffdcc570000 - 0x00007ffdcc60a000 	C:\WINDOWS\System32\msvcp_win.dll
0x00007ffdce5c0000 - 0x00007ffdce5f2000 	C:\WINDOWS\System32\IMM32.DLL
0x00007ffdbe120000 - 0x00007ffdbe12c000 	C:\Users\salva\.jdks\openjdk-17\bin\vcruntime140_1.dll
0x00007ffdbb050000 - 0x00007ffdbb0dd000 	C:\Users\salva\.jdks\openjdk-17\bin\msvcp140.dll
0x00007ffd69330000 - 0x00007ffd69eee000 	C:\Users\salva\.jdks\openjdk-17\bin\server\jvm.dll
0x00007ffdcd010000 - 0x00007ffdcd0be000 	C:\WINDOWS\System32\ADVAPI32.dll
0x00007ffdcc990000 - 0x00007ffdcca34000 	C:\WINDOWS\System32\sechost.dll
0x00007ffdcced0000 - 0x00007ffdccfe5000 	C:\WINDOWS\System32\RPCRT4.dll
0x00007ffdce020000 - 0x00007ffdce028000 	C:\WINDOWS\System32\PSAPI.DLL
0x00007ffdc7350000 - 0x00007ffdc7359000 	C:\WINDOWS\SYSTEM32\WSOCK32.dll
0x00007ffdce830000 - 0x00007ffdce8a1000 	C:\WINDOWS\System32\WS2_32.dll
0x00007ffdc5b30000 - 0x00007ffdc5b64000 	C:\WINDOWS\SYSTEM32\WINMM.dll
0x00007ffdc2c10000 - 0x00007ffdc2c1a000 	C:\WINDOWS\SYSTEM32\VERSION.dll
0x00007ffdcae20000 - 0x00007ffdcae38000 	C:\WINDOWS\SYSTEM32\kernel.appcore.dll
0x00007ffdbe000000 - 0x00007ffdbe00a000 	C:\Users\salva\.jdks\openjdk-17\bin\jimage.dll
0x00007ffdc9a50000 - 0x00007ffdc9c7e000 	C:\WINDOWS\SYSTEM32\DBGHELP.DLL
0x00007ffdcca40000 - 0x00007ffdccdca000 	C:\WINDOWS\System32\combase.dll
0x00007ffdcd1e0000 - 0x00007ffdcd2b7000 	C:\WINDOWS\System32\OLEAUT32.dll
0x00007ffdafc90000 - 0x00007ffdafcc2000 	C:\WINDOWS\SYSTEM32\dbgcore.DLL
0x00007ffdcc760000 - 0x00007ffdcc7db000 	C:\WINDOWS\System32\bcryptPrimitives.dll
0x00007ffda3500000 - 0x00007ffda3525000 	C:\Users\salva\.jdks\openjdk-17\bin\java.dll
0x00007ffd91d20000 - 0x00007ffd91df6000 	C:\Users\salva\.jdks\openjdk-17\bin\svml.dll
0x00007ffdcd3b0000 - 0x00007ffdcdb9f000 	C:\WINDOWS\System32\SHELL32.dll
0x00007ffdc9de0000 - 0x00007ffdca6a8000 	C:\WINDOWS\SYSTEM32\windows.storage.dll
0x00007ffdc9ca0000 - 0x00007ffdc9dde000 	C:\WINDOWS\SYSTEM32\wintypes.dll
0x00007ffdce8b0000 - 0x00007ffdce9a1000 	C:\WINDOWS\System32\SHCORE.dll
0x00007ffdce7d0000 - 0x00007ffdce82e000 	C:\WINDOWS\System32\shlwapi.dll
0x00007ffdcbd40000 - 0x00007ffdcbd61000 	C:\WINDOWS\SYSTEM32\profapi.dll
0x00007ffda72e0000 - 0x00007ffda746e000 	C:\Users\salva\.jdks\openjdk-17\bin\awt.dll
0x00007ffdc8ec0000 - 0x00007ffdc8f57000 	C:\WINDOWS\SYSTEM32\apphelp.dll
0x00007ffdbdfe0000 - 0x00007ffdbdff9000 	C:\Users\salva\.jdks\openjdk-17\bin\net.dll
0x00007ffdc3e00000 - 0x00007ffdc3f2f000 	C:\WINDOWS\SYSTEM32\WINHTTP.dll
0x00007ffdcb280000 - 0x00007ffdcb2e9000 	C:\WINDOWS\system32\mswsock.dll
0x00007ffdbd820000 - 0x00007ffdbd835000 	C:\Users\salva\.jdks\openjdk-17\bin\nio.dll
0x00007ffdbd3e0000 - 0x00007ffdbd3f8000 	C:\Users\salva\.jdks\openjdk-17\bin\zip.dll
0x00007ffdbcbc0000 - 0x00007ffdbcc35000 	C:\Users\salva\AppData\Local\Temp\lwjglsalva\3.3.1-build-7\lwjgl.dll
0x00007ffd91350000 - 0x00007ffd915a9000 	C:\Users\salva\AppData\Local\Temp\lwjglsalva\3.3.1-build-7\jemalloc.dll
0x00007ffdbbf70000 - 0x00007ffdbbfd1000 	C:\Users\salva\AppData\Local\Temp\lwjglsalva\3.3.1-build-7\glfw.dll
0x00007ffdbd240000 - 0x00007ffdbd286000 	C:\WINDOWS\SYSTEM32\dinput8.dll
0x00007ffdbcf50000 - 0x00007ffdbcf61000 	C:\WINDOWS\SYSTEM32\xinput1_4.dll
0x00007ffdcba80000 - 0x00007ffdcbace000 	C:\WINDOWS\SYSTEM32\cfgmgr32.dll
0x00007ffdcba40000 - 0x00007ffdcba73000 	C:\WINDOWS\SYSTEM32\DEVOBJ.dll
0x00007ffdc92d0000 - 0x00007ffdc92fb000 	C:\WINDOWS\SYSTEM32\dwmapi.dll
0x00007ffdc0f10000 - 0x00007ffdc1111000 	C:\WINDOWS\SYSTEM32\inputhost.dll
0x00007ffdc8be0000 - 0x00007ffdc8d13000 	C:\WINDOWS\SYSTEM32\CoreMessaging.dll
0x00007ffdc9040000 - 0x00007ffdc90eb000 	C:\WINDOWS\system32\uxtheme.dll
0x00007ffdcb580000 - 0x00007ffdcb58c000 	C:\WINDOWS\SYSTEM32\CRYPTBASE.DLL
0x00007ffdcd0c0000 - 0x00007ffdcd1de000 	C:\WINDOWS\System32\MSCTF.dll
0x00007ffdbd400000 - 0x00007ffdbd500000 	C:\WINDOWS\SYSTEM32\opengl32.dll
0x00007ffdc13f0000 - 0x00007ffdc141d000 	C:\WINDOWS\SYSTEM32\GLU32.dll
0x00007ffdc9150000 - 0x00007ffdc9186000 	C:\WINDOWS\SYSTEM32\dxcore.dll
0x00007ffdc61e0000 - 0x00007ffdc6229000 	C:\WINDOWS\SYSTEM32\directxdatabasehelper.dll
0x00007ffdcd2d0000 - 0x00007ffdcd387000 	C:\WINDOWS\System32\clbcatq.dll
0x00007ffdbc510000 - 0x00007ffdbc53a000 	C:\Windows\System32\DriverStore\FileRepository\u0361441.inf_amd64_122c374e035e7595\B361368\atig6pxx.dll
0x00007ffd5b7c0000 - 0x00007ffd5e4a6000 	C:\Windows\System32\DriverStore\FileRepository\u0361441.inf_amd64_122c374e035e7595\B361368\atio6axx.dll
0x00007ffdcdba0000 - 0x00007ffdce01a000 	C:\WINDOWS\System32\SETUPAPI.dll
0x00007ffdc6330000 - 0x00007ffdc6355000 	C:\WINDOWS\SYSTEM32\dxva2.dll
0x00007ffdce1b0000 - 0x00007ffdce34c000 	C:\WINDOWS\System32\ole32.dll
0x00007ffdbc1b0000 - 0x00007ffdbc1ec000 	C:\WINDOWS\System32\DriverStore\FileRepository\u0361441.inf_amd64_122c374e035e7595\B361368\atig6txx.dll
0x00007ffd90fc0000 - 0x00007ffd91179000 	C:\WINDOWS\SYSTEM32\atiadlxx.dll
0x00007ffdc6e30000 - 0x00007ffdc6f30000 	C:\WINDOWS\SYSTEM32\PROPSYS.dll
0x00007ffdcbf30000 - 0x00007ffdcbf9b000 	C:\WINDOWS\System32\WINTRUST.dll
0x00007ffdcc060000 - 0x00007ffdcc1c6000 	C:\WINDOWS\System32\CRYPT32.dll
0x00007ffdcba20000 - 0x00007ffdcba32000 	C:\WINDOWS\SYSTEM32\MSASN1.dll
0x00007ffdc31d0000 - 0x00007ffdc32fd000 	C:\WINDOWS\SYSTEM32\textinputframework.dll
0x00007ffdc5b80000 - 0x00007ffdc5eec000 	C:\WINDOWS\SYSTEM32\CoreUIComponents.dll
0x00007ffdbb3e0000 - 0x00007ffdbb43d000 	C:\Users\salva\AppData\Local\Temp\lwjglsalva\3.3.1-build-7\lwjgl_opengl.dll
0x00007ffdbd950000 - 0x00007ffdbd960000 	C:\Users\salva\.jdks\openjdk-17\bin\verify.dll

dbghelp: loaded successfully - version: 4.0.5 - missing functions: none
symbol engine: initialized successfully - sym options: 0x614 - pdb path: .;C:\Users\salva\.jdks\openjdk-17\bin;C:\WINDOWS\SYSTEM32;C:\WINDOWS\WinSxS\amd64_microsoft.windows.common-controls_6595b64144ccf1df_6.0.22621.608_none_a9444ca7c10bb01d;C:\Users\salva\.jdks\openjdk-17\bin\server;C:\Users\salva\AppData\Local\Temp\lwjglsalva\3.3.1-build-7;C:\Windows\System32\DriverStore\FileRepository\u0361441.inf_amd64_122c374e035e7595\B361368

VM Arguments:
jvm_args: -Dfile.encoding=UTF-8 -Duser.country=GB -Duser.language=en -Duser.variant 
java_command: org.fallenreaper.main.GameLauncher
java_class_path (initial): C:\Users\salva\OneDrive\Documentos\GitHub\Exolor\build\classes\java\main;C:\Users\salva\OneDrive\Documentos\GitHub\Exolor\build\resources\main;C:\Users\salva\.gradle\caches\modules-2\files-2.1\com.google.code.gson\gson\2.9.1\2cc2131b98ebfb04e2b2c7dfb84431f4045096b\gson-2.9.1.jar;C:\Users\salva\.gradle\caches\modules-2\files-2.1\org.joml\joml\1.9.2\b9db0f365d01b70d99a7a36819f42211b2f9bcf8\joml-1.9.2.jar;C:\Users\salva\.gradle\caches\modules-2\files-2.1\org.apache.commons\commons-lang3\3.0\8873bd0bb5cb9ee37f1b04578eb7e26fcdd44cb0\commons-lang3-3.0.jar;C:\Users\salva\.gradle\caches\modules-2\files-2.1\net.java.jinput\jinput\2.0.5\39c7796b469a600f72380316f6b1f11db6c2c7c4\jinput-2.0.5.jar;C:\Users\salva\.gradle\caches\modules-2\files-2.1\com.google.guava\guava\24.0-jre\41ac1e74d6b4e1ea1f027139cffeb536c732a81\guava-24.0-jre.jar;C:\Users\salva\.gradle\caches\modules-2\files-2.1\com.badlogicgames.gdx\gdx-backend-lwjgl3\1.11.0\58a96db4cd349be4292d547856aa1e1c5f065f4e\gdx-backend-lwjgl3-1.11.0.jar;C:\Users\salva\.gradle\caches\modules-2\files-2.1\com.badlogicgames.gdx-controllers\gdx-controllers-core\2.2.1\8aca0dc002a8daf6a6d28f49c44e25189dd93fd7\gdx-controllers-core-2.2.1.jar;C:\Users\salva\.gradle\caches\modules-2\files-2.1\com.badlogicgames.gdx\gdx-box2d\1.11.0\ad4facee800dd945d6d6e93dea2936bc135b5f\gdx-box2d-1.11.0.jar;C:\Users\salva\.gradle\caches\modules-2\files-2.1\com.badlogicgames.gdx\gdx-ai\1.8.2\ab75d2ce80ab1b1ce6828a15dc0f417abac4c674\gdx-ai-1.8.2.jar;C:\Users\salva\.gradle\caches\modules-2\files-2.1\com.badlogicgames.gdx\gdx\1.11.0\ffe1206d1004cd9e40027e28964be0fea0399af7\gdx-1.11.0.jar;C:\Users\salva\.gradle\caches\modules-2\files-2.1\com.badlogicgames.gdx\gdx-box2d-platform\1.11.0\62ff9baa1e57a11e0a4428a38c9660bf9f312fdc\gdx-box2d-platform-1.11.0-natives-desktop.jar;C:\Users\salva\.gradle\caches\modules-2\files-2.1\com.badlogicgames.gdx\gdx-bullet-platform\1.11.0\2c067b913a306ba26d482075297538ad91cdb88b\gdx-bullet-platform-1.11.0-na
Launcher Type: SUN_STANDARD

[Global flags]
     intx CICompilerCount                          = 3                                         {product} {ergonomic}
     uint ConcGCThreads                            = 1                                         {product} {ergonomic}
     uint G1ConcRefinementThreads                  = 4                                         {product} {ergonomic}
   size_t G1HeapRegionSize                         = 1048576                                   {product} {ergonomic}
    uintx GCDrainStackTargetSize                   = 64                                        {product} {ergonomic}
   size_t InitialHeapSize                          = 100663296                                 {product} {ergonomic}
   size_t MarkStackSize                            = 4194304                                   {product} {ergonomic}
   size_t MaxHeapSize                              = 1579155456                                {product} {ergonomic}
   size_t MaxNewSize                               = 946864128                                 {product} {ergonomic}
   size_t MinHeapDeltaBytes                        = 1048576                                   {product} {ergonomic}
   size_t MinHeapSize                              = 8388608                                   {product} {ergonomic}
    uintx NonNMethodCodeHeapSize                   = 5832780                                {pd product} {ergonomic}
    uintx NonProfiledCodeHeapSize                  = 122912730                              {pd product} {ergonomic}
    uintx ProfiledCodeHeapSize                     = 122912730                              {pd product} {ergonomic}
    uintx ReservedCodeCacheSize                    = 251658240                              {pd product} {ergonomic}
     bool SegmentedCodeCache                       = true                                      {product} {ergonomic}
   size_t SoftMaxHeapSize                          = 1579155456                             {manageable} {ergonomic}
     bool UseCompressedClassPointers               = true                           {product lp64_product} {ergonomic}
     bool UseCompressedOops                        = true                           {product lp64_product} {ergonomic}
     bool UseG1GC                                  = true                                      {product} {ergonomic}
     bool UseLargePagesIndividualAllocation        = false                                  {pd product} {ergonomic}

Logging:
Log output configuration:
 #0: stdout all=warning uptime,level,tags
 #1: stderr all=off uptime,level,tags

Environment Variables:
JAVA_HOME=C:\Program Files\Java\jdk-17.0.1
PATH=C:\Program Files\Java\jdk-17.0.1\bin;C:\Program Files\Gradle\gradle-7.1\bin;C:\Program Files\Java\jdk-16.0.1\bin;C:\Program Files\Java\jdk1.8.0_301\bin;C:\Program Files\Gradle\gradle-5.6.4\bin;C:\Program Files\Gradle\gradle-6.8.1\bin;C:\Program Files\Common Files\Oracle\Java\javapath;C:\Program Files (x86)\Common Files\Oracle\Java\javapath;C:\WINDOWS\system32;C:\WINDOWS;C:\WINDOWS\System32\Wbem;C:\WINDOWS\System32\WindowsPowerShell\v1.0\;C:\WINDOWS\System32\OpenSSH\;C:\Users\salva\AppData\Local\Microsoft\WindowsApps;C:\Program Files\JetBrains\IntelliJ IDEA Community Edition 2021.2.2\bin;C:\Users\salva\AppData\Local\GitHubDesktop\bin;C:\adb;C:\WINDOWS\system32;C:\WINDOWS;C:\WINDOWS\System32\Wbem;C:\WINDOWS\System32\WindowsPowerShell\v1.0\;C:\WINDOWS\System32\OpenSSH\;C:\Program Files\Git\cmd;C:\Program Files\Java\jdk-17.0.1\bin;C:\Program Files\Gradle\gradle-7.1\bin;C:\Program Files\Java\jdk-16.0.1\bin;C:\Program Files\Java\jdk1.8.0_301\bin;C:\Program Files\Gradle\gradle-5.6.4\bin;C:\Program Files\Gradle\gradle-6.8.1\bin;C:\Users\salva\AppData\Local\Microsoft\WindowsApps;C:\Program Files\JetBrains\IntelliJ IDEA Community Edition 2021.2.2\bin;;C:\Users\salva\AppData\Local\GitHubDesktop\bin;C:\Program Files\JetBrains\PyCharm Community Edition 2022.2.1\bin;;
USERNAME=salva
OS=Windows_NT
PROCESSOR_IDENTIFIER=AMD64 Family 23 Model 24 Stepping 1, AuthenticAMD



---------------  S Y S T E M  ---------------

OS:
 Windows 10 , 64 bit Build 22621 (10.0.22621.1105)
OS uptime: 5 days 0:00 hours
Hyper-V role detected

CPU: total 4 (initial active 4) (4 cores per cpu, 2 threads per core) family 23 model 24 stepping 1 microcode 0x0, cx8, cmov, fxsr, ht, mmx, 3dnowpref, sse, sse2, sse3, ssse3, sse4a, sse4.1, sse4.2, popcnt, lzcnt, tsc, tscinvbit, avx, avx2, aes, clmul, bmi1, bmi2, adx, sha, fma, vzeroupper, clflush, clflushopt, hv

Memory: 4k page, system-wide physical 6020M (368M free)
TotalPageFile size 21435M (AvailPageFile size 3354M)
current process WorkingSet (physical memory assigned to process): 111M, peak: 149M
current process commit charge ("private bytes"): 671M, peak: 743M

vm_info: OpenJDK 64-Bit Server VM (17+35-2724) for windows-amd64 JRE (17+35-2724), built on Aug  5 2021 23:26:02 by "mach5one" with MS VC++ 16.8 (VS2019)

END.
